{
  "stats": {
    "suites": 8,
    "tests": 24,
    "passes": 0,
    "pending": 0,
    "failures": 24,
    "start": "2021-08-05T18:56:39.066Z",
    "end": "2021-08-05T18:56:59.855Z",
    "duration": 20789,
    "testsRegistered": 24,
    "passPercent": 0,
    "pendingPercent": 0,
    "other": 0,
    "hasOther": false,
    "skipped": 0,
    "hasSkipped": false
  },
  "results": [
    {
      "uuid": "ca6525ba-0b13-4622-b102-d896f2e013ab",
      "title": "",
      "fullFile": "cypress/integration/recipes_list_spec.js",
      "file": "cypress/integration/recipes_list_spec.js",
      "beforeHooks": [],
      "afterHooks": [],
      "tests": [],
      "suites": [
        {
          "uuid": "d3fbab24-2adc-42cd-84b8-af13db25d81a",
          "title": "25 - Implemente os elementos da tela principal de receitas respeitando os atributos descritos no protótipo",
          "fullFile": "",
          "file": "",
          "beforeHooks": [],
          "afterHooks": [],
          "tests": [
            {
              "title": "A tela tem os data-testids de todos os 12 cards da tela de comidas",
              "fullTitle": "25 - Implemente os elementos da tela principal de receitas respeitando os atributos descritos no protótipo A tela tem os data-testids de todos os 12 cards da tela de comidas",
              "timedOut": null,
              "duration": 972,
              "state": "failed",
              "speed": null,
              "pass": false,
              "fail": true,
              "pending": false,
              "context": null,
              "code": "cy.visit('http://localhost:3000/comidas', {\n  onBeforeLoad: function onBeforeLoad(win) {\n    win.fetch = fetchMock;\n  }\n});\nfor (var index = 0; index < 12; index += 1) {\n  cy.get(\"[data-testid=\\\"\".concat(index, \"-recipe-card\\\"]\"));\n  cy.get(\"[data-testid=\\\"\".concat(index, \"-card-img\\\"]\"));\n  cy.get(\"[data-testid=\\\"\".concat(index, \"-card-name\\\"]\"));\n}\ncy.get('[data-testid=\"12-recipe-card\"]').should('not.exist');\ncy.get('[data-testid=\"12-card-img\"]').should('not.exist');\ncy.get('[data-testid=\"12-card-name\"]').should('not.exist');",
              "err": {
                "message": "CypressError: cy.visit() failed trying to load:\n\nhttp://localhost:3000/comidas\n\nWe attempted to make an http request to this URL but the request failed without a response.\n\nWe received this error at the network level:\n\n  > Error: connect ECONNREFUSED 127.0.0.1:3000\n\nCommon situations why this would fail:\n  - you don't have internet access\n  - you forgot to run / boot your web server\n  - your web server isn't accessible\n  - you have weird network configuration settings on your computer\n\nThe stack trace for this error is:\n\nError: connect ECONNREFUSED 127.0.0.1:3000\n    at TCPConnectWrap.afterConnect [as oncomplete] (net.js:1056:14)\n",
                "estack": "CypressError: cy.visit() failed trying to load:\n\nhttp://localhost:3000/comidas\n\nWe attempted to make an http request to this URL but the request failed without a response.\n\nWe received this error at the network level:\n\n  > Error: connect ECONNREFUSED 127.0.0.1:3000\n\nCommon situations why this would fail:\n  - you don't have internet access\n  - you forgot to run / boot your web server\n  - your web server isn't accessible\n  - you have weird network configuration settings on your computer\n\nThe stack trace for this error is:\n\nError: connect ECONNREFUSED 127.0.0.1:3000\n    at TCPConnectWrap.afterConnect [as oncomplete] (net.js:1056:14)\n\n    at Object.cypressErr (http://localhost:36085/__cypress/runner/cypress_runner.js:86207:11)\n    at Object.throwErr (http://localhost:36085/__cypress/runner/cypress_runner.js:86162:18)\n    at Object.throwErrByPath (http://localhost:36085/__cypress/runner/cypress_runner.js:86194:17)\n    at http://localhost:36085/__cypress/runner/cypress_runner.js:71500:31\n    at visitFailedByErr (http://localhost:36085/__cypress/runner/cypress_runner.js:71006:12)\n    at http://localhost:36085/__cypress/runner/cypress_runner.js:71499:22\n    at tryCatcher (http://localhost:36085/__cypress/runner/cypress_runner.js:120203:23)\n    at Promise._settlePromiseFromHandler (http://localhost:36085/__cypress/runner/cypress_runner.js:118139:31)\n    at Promise._settlePromise (http://localhost:36085/__cypress/runner/cypress_runner.js:118196:18)\n    at Promise._settlePromise0 (http://localhost:36085/__cypress/runner/cypress_runner.js:118241:10)\n    at Promise._settlePromises (http://localhost:36085/__cypress/runner/cypress_runner.js:118316:18)\n    at Async../node_modules/bluebird/js/release/async.js.Async._drainQueue (http://localhost:36085/__cypress/runner/cypress_runner.js:114928:16)\n    at Async../node_modules/bluebird/js/release/async.js.Async._drainQueues (http://localhost:36085/__cypress/runner/cypress_runner.js:114938:10)\n    at Async.drainQueues (http://localhost:36085/__cypress/runner/cypress_runner.js:114812:14)",
                "diff": null
              },
              "uuid": "c0e0a6f7-8565-4cc1-95be-230a64105a28",
              "parentUUID": "d3fbab24-2adc-42cd-84b8-af13db25d81a",
              "isHook": false,
              "skipped": false
            },
            {
              "title": "A tela tem os data-testids de todos os 12 cards da tela de bebidas",
              "fullTitle": "25 - Implemente os elementos da tela principal de receitas respeitando os atributos descritos no protótipo A tela tem os data-testids de todos os 12 cards da tela de bebidas",
              "timedOut": null,
              "duration": 840,
              "state": "failed",
              "speed": null,
              "pass": false,
              "fail": true,
              "pending": false,
              "context": null,
              "code": "cy.visit('http://localhost:3000/bebidas', {\n  onBeforeLoad: function onBeforeLoad(win) {\n    win.fetch = fetchMock;\n  }\n});\nfor (var index = 0; index < 12; index += 1) {\n  cy.get(\"[data-testid=\\\"\".concat(index, \"-recipe-card\\\"]\"));\n  cy.get(\"[data-testid=\\\"\".concat(index, \"-card-img\\\"]\"));\n  cy.get(\"[data-testid=\\\"\".concat(index, \"-card-name\\\"]\"));\n}\ncy.get('[data-testid=\"12-recipe-card\"]').should('not.exist');\ncy.get('[data-testid=\"12-card-img\"]').should('not.exist');\ncy.get('[data-testid=\"12-card-name\"]').should('not.exist');",
              "err": {
                "message": "CypressError: cy.visit() failed trying to load:\n\nhttp://localhost:3000/bebidas\n\nWe attempted to make an http request to this URL but the request failed without a response.\n\nWe received this error at the network level:\n\n  > Error: connect ECONNREFUSED 127.0.0.1:3000\n\nCommon situations why this would fail:\n  - you don't have internet access\n  - you forgot to run / boot your web server\n  - your web server isn't accessible\n  - you have weird network configuration settings on your computer\n\nThe stack trace for this error is:\n\nError: connect ECONNREFUSED 127.0.0.1:3000\n    at TCPConnectWrap.afterConnect [as oncomplete] (net.js:1056:14)\n",
                "estack": "CypressError: cy.visit() failed trying to load:\n\nhttp://localhost:3000/bebidas\n\nWe attempted to make an http request to this URL but the request failed without a response.\n\nWe received this error at the network level:\n\n  > Error: connect ECONNREFUSED 127.0.0.1:3000\n\nCommon situations why this would fail:\n  - you don't have internet access\n  - you forgot to run / boot your web server\n  - your web server isn't accessible\n  - you have weird network configuration settings on your computer\n\nThe stack trace for this error is:\n\nError: connect ECONNREFUSED 127.0.0.1:3000\n    at TCPConnectWrap.afterConnect [as oncomplete] (net.js:1056:14)\n\n    at Object.cypressErr (http://localhost:36085/__cypress/runner/cypress_runner.js:86207:11)\n    at Object.throwErr (http://localhost:36085/__cypress/runner/cypress_runner.js:86162:18)\n    at Object.throwErrByPath (http://localhost:36085/__cypress/runner/cypress_runner.js:86194:17)\n    at http://localhost:36085/__cypress/runner/cypress_runner.js:71500:31\n    at visitFailedByErr (http://localhost:36085/__cypress/runner/cypress_runner.js:71006:12)\n    at http://localhost:36085/__cypress/runner/cypress_runner.js:71499:22\n    at tryCatcher (http://localhost:36085/__cypress/runner/cypress_runner.js:120203:23)\n    at Promise._settlePromiseFromHandler (http://localhost:36085/__cypress/runner/cypress_runner.js:118139:31)\n    at Promise._settlePromise (http://localhost:36085/__cypress/runner/cypress_runner.js:118196:18)\n    at Promise._settlePromise0 (http://localhost:36085/__cypress/runner/cypress_runner.js:118241:10)\n    at Promise._settlePromises (http://localhost:36085/__cypress/runner/cypress_runner.js:118316:18)\n    at Async../node_modules/bluebird/js/release/async.js.Async._drainQueue (http://localhost:36085/__cypress/runner/cypress_runner.js:114928:16)\n    at Async../node_modules/bluebird/js/release/async.js.Async._drainQueues (http://localhost:36085/__cypress/runner/cypress_runner.js:114938:10)\n    at Async.drainQueues (http://localhost:36085/__cypress/runner/cypress_runner.js:114812:14)",
                "diff": null
              },
              "uuid": "0f8658de-9f09-4615-bfd4-ecbd63bd9325",
              "parentUUID": "d3fbab24-2adc-42cd-84b8-af13db25d81a",
              "isHook": false,
              "skipped": false
            }
          ],
          "suites": [],
          "passes": [],
          "failures": [
            "c0e0a6f7-8565-4cc1-95be-230a64105a28",
            "0f8658de-9f09-4615-bfd4-ecbd63bd9325"
          ],
          "pending": [],
          "skipped": [],
          "duration": 1812,
          "root": false,
          "rootEmpty": false,
          "_timeout": 2000
        },
        {
          "uuid": "63e17cac-6988-49cb-9739-e360682ea7d6",
          "title": "26 - Carregue as 12 primeiras receitas de comidas ou bebidas, uma em cada card",
          "fullFile": "",
          "file": "",
          "beforeHooks": [],
          "afterHooks": [],
          "tests": [
            {
              "title": "Caso as receitas sejam de comida, deve-se carregar as 12 primeiras receitas",
              "fullTitle": "26 - Carregue as 12 primeiras receitas de comidas ou bebidas, uma em cada card Caso as receitas sejam de comida, deve-se carregar as 12 primeiras receitas",
              "timedOut": null,
              "duration": 776,
              "state": "failed",
              "speed": null,
              "pass": false,
              "fail": true,
              "pending": false,
              "context": null,
              "code": "cy.visit('http://localhost:3000/comidas', {\n  onBeforeLoad: function onBeforeLoad(win) {\n    win.fetch = fetchMock;\n  }\n});\ncheckFirstTwelveRecipes(mealsMock.meals);",
              "err": {
                "message": "CypressError: cy.visit() failed trying to load:\n\nhttp://localhost:3000/comidas\n\nWe attempted to make an http request to this URL but the request failed without a response.\n\nWe received this error at the network level:\n\n  > Error: connect ECONNREFUSED 127.0.0.1:3000\n\nCommon situations why this would fail:\n  - you don't have internet access\n  - you forgot to run / boot your web server\n  - your web server isn't accessible\n  - you have weird network configuration settings on your computer\n\nThe stack trace for this error is:\n\nError: connect ECONNREFUSED 127.0.0.1:3000\n    at TCPConnectWrap.afterConnect [as oncomplete] (net.js:1056:14)\n",
                "estack": "CypressError: cy.visit() failed trying to load:\n\nhttp://localhost:3000/comidas\n\nWe attempted to make an http request to this URL but the request failed without a response.\n\nWe received this error at the network level:\n\n  > Error: connect ECONNREFUSED 127.0.0.1:3000\n\nCommon situations why this would fail:\n  - you don't have internet access\n  - you forgot to run / boot your web server\n  - your web server isn't accessible\n  - you have weird network configuration settings on your computer\n\nThe stack trace for this error is:\n\nError: connect ECONNREFUSED 127.0.0.1:3000\n    at TCPConnectWrap.afterConnect [as oncomplete] (net.js:1056:14)\n\n    at Object.cypressErr (http://localhost:36085/__cypress/runner/cypress_runner.js:86207:11)\n    at Object.throwErr (http://localhost:36085/__cypress/runner/cypress_runner.js:86162:18)\n    at Object.throwErrByPath (http://localhost:36085/__cypress/runner/cypress_runner.js:86194:17)\n    at http://localhost:36085/__cypress/runner/cypress_runner.js:71500:31\n    at visitFailedByErr (http://localhost:36085/__cypress/runner/cypress_runner.js:71006:12)\n    at http://localhost:36085/__cypress/runner/cypress_runner.js:71499:22\n    at tryCatcher (http://localhost:36085/__cypress/runner/cypress_runner.js:120203:23)\n    at Promise._settlePromiseFromHandler (http://localhost:36085/__cypress/runner/cypress_runner.js:118139:31)\n    at Promise._settlePromise (http://localhost:36085/__cypress/runner/cypress_runner.js:118196:18)\n    at Promise._settlePromise0 (http://localhost:36085/__cypress/runner/cypress_runner.js:118241:10)\n    at Promise._settlePromises (http://localhost:36085/__cypress/runner/cypress_runner.js:118316:18)\n    at Async../node_modules/bluebird/js/release/async.js.Async._drainQueue (http://localhost:36085/__cypress/runner/cypress_runner.js:114928:16)\n    at Async../node_modules/bluebird/js/release/async.js.Async._drainQueues (http://localhost:36085/__cypress/runner/cypress_runner.js:114938:10)\n    at Async.drainQueues (http://localhost:36085/__cypress/runner/cypress_runner.js:114812:14)",
                "diff": null
              },
              "uuid": "036fda58-45df-4f00-87ce-d23e4c5118ab",
              "parentUUID": "63e17cac-6988-49cb-9739-e360682ea7d6",
              "isHook": false,
              "skipped": false
            },
            {
              "title": "Caso as receitas sejam de bebida, deve-se carregar as 12 primeiras receitas",
              "fullTitle": "26 - Carregue as 12 primeiras receitas de comidas ou bebidas, uma em cada card Caso as receitas sejam de bebida, deve-se carregar as 12 primeiras receitas",
              "timedOut": null,
              "duration": 797,
              "state": "failed",
              "speed": null,
              "pass": false,
              "fail": true,
              "pending": false,
              "context": null,
              "code": "cy.visit('http://localhost:3000/bebidas', {\n  onBeforeLoad: function onBeforeLoad(win) {\n    win.fetch = fetchMock;\n  }\n});\ncheckFirstTwelveRecipes(drinksMock.drinks, false);",
              "err": {
                "message": "CypressError: cy.visit() failed trying to load:\n\nhttp://localhost:3000/bebidas\n\nWe attempted to make an http request to this URL but the request failed without a response.\n\nWe received this error at the network level:\n\n  > Error: connect ECONNREFUSED 127.0.0.1:3000\n\nCommon situations why this would fail:\n  - you don't have internet access\n  - you forgot to run / boot your web server\n  - your web server isn't accessible\n  - you have weird network configuration settings on your computer\n\nThe stack trace for this error is:\n\nError: connect ECONNREFUSED 127.0.0.1:3000\n    at TCPConnectWrap.afterConnect [as oncomplete] (net.js:1056:14)\n",
                "estack": "CypressError: cy.visit() failed trying to load:\n\nhttp://localhost:3000/bebidas\n\nWe attempted to make an http request to this URL but the request failed without a response.\n\nWe received this error at the network level:\n\n  > Error: connect ECONNREFUSED 127.0.0.1:3000\n\nCommon situations why this would fail:\n  - you don't have internet access\n  - you forgot to run / boot your web server\n  - your web server isn't accessible\n  - you have weird network configuration settings on your computer\n\nThe stack trace for this error is:\n\nError: connect ECONNREFUSED 127.0.0.1:3000\n    at TCPConnectWrap.afterConnect [as oncomplete] (net.js:1056:14)\n\n    at Object.cypressErr (http://localhost:36085/__cypress/runner/cypress_runner.js:86207:11)\n    at Object.throwErr (http://localhost:36085/__cypress/runner/cypress_runner.js:86162:18)\n    at Object.throwErrByPath (http://localhost:36085/__cypress/runner/cypress_runner.js:86194:17)\n    at http://localhost:36085/__cypress/runner/cypress_runner.js:71500:31\n    at visitFailedByErr (http://localhost:36085/__cypress/runner/cypress_runner.js:71006:12)\n    at http://localhost:36085/__cypress/runner/cypress_runner.js:71499:22\n    at tryCatcher (http://localhost:36085/__cypress/runner/cypress_runner.js:120203:23)\n    at Promise._settlePromiseFromHandler (http://localhost:36085/__cypress/runner/cypress_runner.js:118139:31)\n    at Promise._settlePromise (http://localhost:36085/__cypress/runner/cypress_runner.js:118196:18)\n    at Promise._settlePromise0 (http://localhost:36085/__cypress/runner/cypress_runner.js:118241:10)\n    at Promise._settlePromises (http://localhost:36085/__cypress/runner/cypress_runner.js:118316:18)\n    at Async../node_modules/bluebird/js/release/async.js.Async._drainQueue (http://localhost:36085/__cypress/runner/cypress_runner.js:114928:16)\n    at Async../node_modules/bluebird/js/release/async.js.Async._drainQueues (http://localhost:36085/__cypress/runner/cypress_runner.js:114938:10)\n    at Async.drainQueues (http://localhost:36085/__cypress/runner/cypress_runner.js:114812:14)",
                "diff": null
              },
              "uuid": "b6bdca17-61af-4ab3-a51c-f3eb36f96899",
              "parentUUID": "63e17cac-6988-49cb-9739-e360682ea7d6",
              "isHook": false,
              "skipped": false
            }
          ],
          "suites": [],
          "passes": [],
          "failures": [
            "036fda58-45df-4f00-87ce-d23e4c5118ab",
            "b6bdca17-61af-4ab3-a51c-f3eb36f96899"
          ],
          "pending": [],
          "skipped": [],
          "duration": 1573,
          "root": false,
          "rootEmpty": false,
          "_timeout": 2000
        },
        {
          "uuid": "ae60d91e-5a56-432b-95be-a90dc50671ea",
          "title": "27 - Implemente os botões de categoria para serem utilizados como filtro",
          "fullFile": "",
          "file": "",
          "beforeHooks": [],
          "afterHooks": [],
          "tests": [
            {
              "title": "Caso as receitas sejam de comida, deve-se exibir as 5 primeiras categorias de comida",
              "fullTitle": "27 - Implemente os botões de categoria para serem utilizados como filtro Caso as receitas sejam de comida, deve-se exibir as 5 primeiras categorias de comida",
              "timedOut": null,
              "duration": 791,
              "state": "failed",
              "speed": null,
              "pass": false,
              "fail": true,
              "pending": false,
              "context": null,
              "code": "cy.visit('http://localhost:3000/comidas', {\n  onBeforeLoad: function onBeforeLoad(win) {\n    win.fetch = fetchMock;\n  }\n});\nmealCategoriesMock.meals.slice(0, 5).forEach(function (_ref) {\n  var category = _ref.strCategory;\n  cy.get(\"[data-testid=\\\"\".concat(category, \"-category-filter\\\"]\"));\n});\nmealCategoriesMock.meals.slice(5).forEach(function (_ref2) {\n  var category = _ref2.strCategory;\n  cy.get(\"[data-testid=\\\"\".concat(category, \"-category-filter\\\"]\")).should('not.exist');\n});",
              "err": {
                "message": "CypressError: cy.visit() failed trying to load:\n\nhttp://localhost:3000/comidas\n\nWe attempted to make an http request to this URL but the request failed without a response.\n\nWe received this error at the network level:\n\n  > Error: connect ECONNREFUSED 127.0.0.1:3000\n\nCommon situations why this would fail:\n  - you don't have internet access\n  - you forgot to run / boot your web server\n  - your web server isn't accessible\n  - you have weird network configuration settings on your computer\n\nThe stack trace for this error is:\n\nError: connect ECONNREFUSED 127.0.0.1:3000\n    at TCPConnectWrap.afterConnect [as oncomplete] (net.js:1056:14)\n",
                "estack": "CypressError: cy.visit() failed trying to load:\n\nhttp://localhost:3000/comidas\n\nWe attempted to make an http request to this URL but the request failed without a response.\n\nWe received this error at the network level:\n\n  > Error: connect ECONNREFUSED 127.0.0.1:3000\n\nCommon situations why this would fail:\n  - you don't have internet access\n  - you forgot to run / boot your web server\n  - your web server isn't accessible\n  - you have weird network configuration settings on your computer\n\nThe stack trace for this error is:\n\nError: connect ECONNREFUSED 127.0.0.1:3000\n    at TCPConnectWrap.afterConnect [as oncomplete] (net.js:1056:14)\n\n    at Object.cypressErr (http://localhost:36085/__cypress/runner/cypress_runner.js:86207:11)\n    at Object.throwErr (http://localhost:36085/__cypress/runner/cypress_runner.js:86162:18)\n    at Object.throwErrByPath (http://localhost:36085/__cypress/runner/cypress_runner.js:86194:17)\n    at http://localhost:36085/__cypress/runner/cypress_runner.js:71500:31\n    at visitFailedByErr (http://localhost:36085/__cypress/runner/cypress_runner.js:71006:12)\n    at http://localhost:36085/__cypress/runner/cypress_runner.js:71499:22\n    at tryCatcher (http://localhost:36085/__cypress/runner/cypress_runner.js:120203:23)\n    at Promise._settlePromiseFromHandler (http://localhost:36085/__cypress/runner/cypress_runner.js:118139:31)\n    at Promise._settlePromise (http://localhost:36085/__cypress/runner/cypress_runner.js:118196:18)\n    at Promise._settlePromise0 (http://localhost:36085/__cypress/runner/cypress_runner.js:118241:10)\n    at Promise._settlePromises (http://localhost:36085/__cypress/runner/cypress_runner.js:118316:18)\n    at Async../node_modules/bluebird/js/release/async.js.Async._drainQueue (http://localhost:36085/__cypress/runner/cypress_runner.js:114928:16)\n    at Async../node_modules/bluebird/js/release/async.js.Async._drainQueues (http://localhost:36085/__cypress/runner/cypress_runner.js:114938:10)\n    at Async.drainQueues (http://localhost:36085/__cypress/runner/cypress_runner.js:114812:14)",
                "diff": null
              },
              "uuid": "29ace2c7-6bb0-4f9b-8924-d9916d453fa2",
              "parentUUID": "ae60d91e-5a56-432b-95be-a90dc50671ea",
              "isHook": false,
              "skipped": false
            },
            {
              "title": "Caso as receitas sejam de bebida, deve-se exibir as 5 primeiras categorias de bebida",
              "fullTitle": "27 - Implemente os botões de categoria para serem utilizados como filtro Caso as receitas sejam de bebida, deve-se exibir as 5 primeiras categorias de bebida",
              "timedOut": null,
              "duration": 822,
              "state": "failed",
              "speed": null,
              "pass": false,
              "fail": true,
              "pending": false,
              "context": null,
              "code": "cy.visit('http://localhost:3000/bebidas', {\n  onBeforeLoad: function onBeforeLoad(win) {\n    win.fetch = fetchMock;\n  }\n});\ndrinkCategoriesMock.drinks.slice(0, 5).forEach(function (_ref3) {\n  var category = _ref3.strCategory;\n  cy.get(\"[data-testid=\\\"\".concat(category, \"-category-filter\\\"]\"));\n});\ndrinkCategoriesMock.drinks.slice(5).forEach(function (_ref4) {\n  var category = _ref4.strCategory;\n  cy.get(\"[data-testid=\\\"\".concat(category, \"-category-filter\\\"]\")).should('not.exist');\n});",
              "err": {
                "message": "CypressError: cy.visit() failed trying to load:\n\nhttp://localhost:3000/bebidas\n\nWe attempted to make an http request to this URL but the request failed without a response.\n\nWe received this error at the network level:\n\n  > Error: connect ECONNREFUSED 127.0.0.1:3000\n\nCommon situations why this would fail:\n  - you don't have internet access\n  - you forgot to run / boot your web server\n  - your web server isn't accessible\n  - you have weird network configuration settings on your computer\n\nThe stack trace for this error is:\n\nError: connect ECONNREFUSED 127.0.0.1:3000\n    at TCPConnectWrap.afterConnect [as oncomplete] (net.js:1056:14)\n",
                "estack": "CypressError: cy.visit() failed trying to load:\n\nhttp://localhost:3000/bebidas\n\nWe attempted to make an http request to this URL but the request failed without a response.\n\nWe received this error at the network level:\n\n  > Error: connect ECONNREFUSED 127.0.0.1:3000\n\nCommon situations why this would fail:\n  - you don't have internet access\n  - you forgot to run / boot your web server\n  - your web server isn't accessible\n  - you have weird network configuration settings on your computer\n\nThe stack trace for this error is:\n\nError: connect ECONNREFUSED 127.0.0.1:3000\n    at TCPConnectWrap.afterConnect [as oncomplete] (net.js:1056:14)\n\n    at Object.cypressErr (http://localhost:36085/__cypress/runner/cypress_runner.js:86207:11)\n    at Object.throwErr (http://localhost:36085/__cypress/runner/cypress_runner.js:86162:18)\n    at Object.throwErrByPath (http://localhost:36085/__cypress/runner/cypress_runner.js:86194:17)\n    at http://localhost:36085/__cypress/runner/cypress_runner.js:71500:31\n    at visitFailedByErr (http://localhost:36085/__cypress/runner/cypress_runner.js:71006:12)\n    at http://localhost:36085/__cypress/runner/cypress_runner.js:71499:22\n    at tryCatcher (http://localhost:36085/__cypress/runner/cypress_runner.js:120203:23)\n    at Promise._settlePromiseFromHandler (http://localhost:36085/__cypress/runner/cypress_runner.js:118139:31)\n    at Promise._settlePromise (http://localhost:36085/__cypress/runner/cypress_runner.js:118196:18)\n    at Promise._settlePromise0 (http://localhost:36085/__cypress/runner/cypress_runner.js:118241:10)\n    at Promise._settlePromises (http://localhost:36085/__cypress/runner/cypress_runner.js:118316:18)\n    at Async../node_modules/bluebird/js/release/async.js.Async._drainQueue (http://localhost:36085/__cypress/runner/cypress_runner.js:114928:16)\n    at Async../node_modules/bluebird/js/release/async.js.Async._drainQueues (http://localhost:36085/__cypress/runner/cypress_runner.js:114938:10)\n    at Async.drainQueues (http://localhost:36085/__cypress/runner/cypress_runner.js:114812:14)",
                "diff": null
              },
              "uuid": "416e75e7-3c58-4b85-82ff-b1ae18772b6a",
              "parentUUID": "ae60d91e-5a56-432b-95be-a90dc50671ea",
              "isHook": false,
              "skipped": false
            }
          ],
          "suites": [],
          "passes": [],
          "failures": [
            "29ace2c7-6bb0-4f9b-8924-d9916d453fa2",
            "416e75e7-3c58-4b85-82ff-b1ae18772b6a"
          ],
          "pending": [],
          "skipped": [],
          "duration": 1613,
          "root": false,
          "rootEmpty": false,
          "_timeout": 2000
        },
        {
          "uuid": "cf8b18ee-69fd-42cc-8ea0-23ae8235622f",
          "title": "28 - Implemente o filtro das receitas através da API ao clicar no filtro de categoria",
          "fullFile": "",
          "file": "",
          "beforeHooks": [],
          "afterHooks": [],
          "tests": [
            {
              "title": "Caso as receitas sejam de comida e a categoria seja \"Beef\", deve-se carregar as 12 primeiras receitas de \"Beef\"",
              "fullTitle": "28 - Implemente o filtro das receitas através da API ao clicar no filtro de categoria Caso as receitas sejam de comida e a categoria seja \"Beef\", deve-se carregar as 12 primeiras receitas de \"Beef\"",
              "timedOut": null,
              "duration": 782,
              "state": "failed",
              "speed": null,
              "pass": false,
              "fail": true,
              "pending": false,
              "context": null,
              "code": "cy.visit('http://localhost:3000/comidas', {\n  onBeforeLoad: function onBeforeLoad(win) {\n    win.fetch = fetchMock;\n  }\n});\ncy.get('[data-testid=\"Beef-category-filter\"]').click();\ncheckFirstTwelveRecipes(beefMealsMock.meals);",
              "err": {
                "message": "CypressError: cy.visit() failed trying to load:\n\nhttp://localhost:3000/comidas\n\nWe attempted to make an http request to this URL but the request failed without a response.\n\nWe received this error at the network level:\n\n  > Error: connect ECONNREFUSED 127.0.0.1:3000\n\nCommon situations why this would fail:\n  - you don't have internet access\n  - you forgot to run / boot your web server\n  - your web server isn't accessible\n  - you have weird network configuration settings on your computer\n\nThe stack trace for this error is:\n\nError: connect ECONNREFUSED 127.0.0.1:3000\n    at TCPConnectWrap.afterConnect [as oncomplete] (net.js:1056:14)\n",
                "estack": "CypressError: cy.visit() failed trying to load:\n\nhttp://localhost:3000/comidas\n\nWe attempted to make an http request to this URL but the request failed without a response.\n\nWe received this error at the network level:\n\n  > Error: connect ECONNREFUSED 127.0.0.1:3000\n\nCommon situations why this would fail:\n  - you don't have internet access\n  - you forgot to run / boot your web server\n  - your web server isn't accessible\n  - you have weird network configuration settings on your computer\n\nThe stack trace for this error is:\n\nError: connect ECONNREFUSED 127.0.0.1:3000\n    at TCPConnectWrap.afterConnect [as oncomplete] (net.js:1056:14)\n\n    at Object.cypressErr (http://localhost:36085/__cypress/runner/cypress_runner.js:86207:11)\n    at Object.throwErr (http://localhost:36085/__cypress/runner/cypress_runner.js:86162:18)\n    at Object.throwErrByPath (http://localhost:36085/__cypress/runner/cypress_runner.js:86194:17)\n    at http://localhost:36085/__cypress/runner/cypress_runner.js:71500:31\n    at visitFailedByErr (http://localhost:36085/__cypress/runner/cypress_runner.js:71006:12)\n    at http://localhost:36085/__cypress/runner/cypress_runner.js:71499:22\n    at tryCatcher (http://localhost:36085/__cypress/runner/cypress_runner.js:120203:23)\n    at Promise._settlePromiseFromHandler (http://localhost:36085/__cypress/runner/cypress_runner.js:118139:31)\n    at Promise._settlePromise (http://localhost:36085/__cypress/runner/cypress_runner.js:118196:18)\n    at Promise._settlePromise0 (http://localhost:36085/__cypress/runner/cypress_runner.js:118241:10)\n    at Promise._settlePromises (http://localhost:36085/__cypress/runner/cypress_runner.js:118316:18)\n    at Async../node_modules/bluebird/js/release/async.js.Async._drainQueue (http://localhost:36085/__cypress/runner/cypress_runner.js:114928:16)\n    at Async../node_modules/bluebird/js/release/async.js.Async._drainQueues (http://localhost:36085/__cypress/runner/cypress_runner.js:114938:10)\n    at Async.drainQueues (http://localhost:36085/__cypress/runner/cypress_runner.js:114812:14)",
                "diff": null
              },
              "uuid": "664c3c13-f130-4994-9b91-e0fbf6d80dc4",
              "parentUUID": "cf8b18ee-69fd-42cc-8ea0-23ae8235622f",
              "isHook": false,
              "skipped": false
            },
            {
              "title": "Caso as receitas sejam de comida e a categoria seja \"Breakfast\", deve-se carregar as 12 primeiras receitas de \"Breakfast\"",
              "fullTitle": "28 - Implemente o filtro das receitas através da API ao clicar no filtro de categoria Caso as receitas sejam de comida e a categoria seja \"Breakfast\", deve-se carregar as 12 primeiras receitas de \"Breakfast\"",
              "timedOut": null,
              "duration": 794,
              "state": "failed",
              "speed": null,
              "pass": false,
              "fail": true,
              "pending": false,
              "context": null,
              "code": "cy.visit('http://localhost:3000/comidas', {\n  onBeforeLoad: function onBeforeLoad(win) {\n    win.fetch = fetchMock;\n  }\n});\ncy.get('[data-testid=\"Breakfast-category-filter\"]').click();\ncheckFirstTwelveRecipes(breakfastMealsMock.meals);",
              "err": {
                "message": "CypressError: cy.visit() failed trying to load:\n\nhttp://localhost:3000/comidas\n\nWe attempted to make an http request to this URL but the request failed without a response.\n\nWe received this error at the network level:\n\n  > Error: connect ECONNREFUSED 127.0.0.1:3000\n\nCommon situations why this would fail:\n  - you don't have internet access\n  - you forgot to run / boot your web server\n  - your web server isn't accessible\n  - you have weird network configuration settings on your computer\n\nThe stack trace for this error is:\n\nError: connect ECONNREFUSED 127.0.0.1:3000\n    at TCPConnectWrap.afterConnect [as oncomplete] (net.js:1056:14)\n",
                "estack": "CypressError: cy.visit() failed trying to load:\n\nhttp://localhost:3000/comidas\n\nWe attempted to make an http request to this URL but the request failed without a response.\n\nWe received this error at the network level:\n\n  > Error: connect ECONNREFUSED 127.0.0.1:3000\n\nCommon situations why this would fail:\n  - you don't have internet access\n  - you forgot to run / boot your web server\n  - your web server isn't accessible\n  - you have weird network configuration settings on your computer\n\nThe stack trace for this error is:\n\nError: connect ECONNREFUSED 127.0.0.1:3000\n    at TCPConnectWrap.afterConnect [as oncomplete] (net.js:1056:14)\n\n    at Object.cypressErr (http://localhost:36085/__cypress/runner/cypress_runner.js:86207:11)\n    at Object.throwErr (http://localhost:36085/__cypress/runner/cypress_runner.js:86162:18)\n    at Object.throwErrByPath (http://localhost:36085/__cypress/runner/cypress_runner.js:86194:17)\n    at http://localhost:36085/__cypress/runner/cypress_runner.js:71500:31\n    at visitFailedByErr (http://localhost:36085/__cypress/runner/cypress_runner.js:71006:12)\n    at http://localhost:36085/__cypress/runner/cypress_runner.js:71499:22\n    at tryCatcher (http://localhost:36085/__cypress/runner/cypress_runner.js:120203:23)\n    at Promise._settlePromiseFromHandler (http://localhost:36085/__cypress/runner/cypress_runner.js:118139:31)\n    at Promise._settlePromise (http://localhost:36085/__cypress/runner/cypress_runner.js:118196:18)\n    at Promise._settlePromise0 (http://localhost:36085/__cypress/runner/cypress_runner.js:118241:10)\n    at Promise._settlePromises (http://localhost:36085/__cypress/runner/cypress_runner.js:118316:18)\n    at Async../node_modules/bluebird/js/release/async.js.Async._drainQueue (http://localhost:36085/__cypress/runner/cypress_runner.js:114928:16)\n    at Async../node_modules/bluebird/js/release/async.js.Async._drainQueues (http://localhost:36085/__cypress/runner/cypress_runner.js:114938:10)\n    at Async.drainQueues (http://localhost:36085/__cypress/runner/cypress_runner.js:114812:14)",
                "diff": null
              },
              "uuid": "de9f7ef5-2b4c-4d0a-a6bf-bd7222b3c1cf",
              "parentUUID": "cf8b18ee-69fd-42cc-8ea0-23ae8235622f",
              "isHook": false,
              "skipped": false
            },
            {
              "title": "Caso as receitas sejam de comida e a categoria seja \"Chicken\", deve-se carregar as 12 primeiras receitas de \"Chicken\"",
              "fullTitle": "28 - Implemente o filtro das receitas através da API ao clicar no filtro de categoria Caso as receitas sejam de comida e a categoria seja \"Chicken\", deve-se carregar as 12 primeiras receitas de \"Chicken\"",
              "timedOut": null,
              "duration": 878,
              "state": "failed",
              "speed": null,
              "pass": false,
              "fail": true,
              "pending": false,
              "context": null,
              "code": "cy.visit('http://localhost:3000/comidas', {\n  onBeforeLoad: function onBeforeLoad(win) {\n    win.fetch = fetchMock;\n  }\n});\ncy.get('[data-testid=\"Chicken-category-filter\"]').click();\ncheckFirstTwelveRecipes(chickenMealsMock.meals);",
              "err": {
                "message": "CypressError: cy.visit() failed trying to load:\n\nhttp://localhost:3000/comidas\n\nWe attempted to make an http request to this URL but the request failed without a response.\n\nWe received this error at the network level:\n\n  > Error: connect ECONNREFUSED 127.0.0.1:3000\n\nCommon situations why this would fail:\n  - you don't have internet access\n  - you forgot to run / boot your web server\n  - your web server isn't accessible\n  - you have weird network configuration settings on your computer\n\nThe stack trace for this error is:\n\nError: connect ECONNREFUSED 127.0.0.1:3000\n    at TCPConnectWrap.afterConnect [as oncomplete] (net.js:1056:14)\n",
                "estack": "CypressError: cy.visit() failed trying to load:\n\nhttp://localhost:3000/comidas\n\nWe attempted to make an http request to this URL but the request failed without a response.\n\nWe received this error at the network level:\n\n  > Error: connect ECONNREFUSED 127.0.0.1:3000\n\nCommon situations why this would fail:\n  - you don't have internet access\n  - you forgot to run / boot your web server\n  - your web server isn't accessible\n  - you have weird network configuration settings on your computer\n\nThe stack trace for this error is:\n\nError: connect ECONNREFUSED 127.0.0.1:3000\n    at TCPConnectWrap.afterConnect [as oncomplete] (net.js:1056:14)\n\n    at Object.cypressErr (http://localhost:36085/__cypress/runner/cypress_runner.js:86207:11)\n    at Object.throwErr (http://localhost:36085/__cypress/runner/cypress_runner.js:86162:18)\n    at Object.throwErrByPath (http://localhost:36085/__cypress/runner/cypress_runner.js:86194:17)\n    at http://localhost:36085/__cypress/runner/cypress_runner.js:71500:31\n    at visitFailedByErr (http://localhost:36085/__cypress/runner/cypress_runner.js:71006:12)\n    at http://localhost:36085/__cypress/runner/cypress_runner.js:71499:22\n    at tryCatcher (http://localhost:36085/__cypress/runner/cypress_runner.js:120203:23)\n    at Promise._settlePromiseFromHandler (http://localhost:36085/__cypress/runner/cypress_runner.js:118139:31)\n    at Promise._settlePromise (http://localhost:36085/__cypress/runner/cypress_runner.js:118196:18)\n    at Promise._settlePromise0 (http://localhost:36085/__cypress/runner/cypress_runner.js:118241:10)\n    at Promise._settlePromises (http://localhost:36085/__cypress/runner/cypress_runner.js:118316:18)\n    at Async../node_modules/bluebird/js/release/async.js.Async._drainQueue (http://localhost:36085/__cypress/runner/cypress_runner.js:114928:16)\n    at Async../node_modules/bluebird/js/release/async.js.Async._drainQueues (http://localhost:36085/__cypress/runner/cypress_runner.js:114938:10)\n    at Async.drainQueues (http://localhost:36085/__cypress/runner/cypress_runner.js:114812:14)",
                "diff": null
              },
              "uuid": "a9e1fa5d-5e8b-46d0-ad13-7537743240b3",
              "parentUUID": "cf8b18ee-69fd-42cc-8ea0-23ae8235622f",
              "isHook": false,
              "skipped": false
            },
            {
              "title": "Caso as receitas sejam de comida e a categoria seja \"Dessert\", deve-se carregar as 12 primeiras receitas de \"Dessert\"",
              "fullTitle": "28 - Implemente o filtro das receitas através da API ao clicar no filtro de categoria Caso as receitas sejam de comida e a categoria seja \"Dessert\", deve-se carregar as 12 primeiras receitas de \"Dessert\"",
              "timedOut": null,
              "duration": 905,
              "state": "failed",
              "speed": null,
              "pass": false,
              "fail": true,
              "pending": false,
              "context": null,
              "code": "cy.visit('http://localhost:3000/comidas', {\n  onBeforeLoad: function onBeforeLoad(win) {\n    win.fetch = fetchMock;\n  }\n});\ncy.get('[data-testid=\"Dessert-category-filter\"]').click();\ncheckFirstTwelveRecipes(dessertMealsMock.meals);",
              "err": {
                "message": "CypressError: cy.visit() failed trying to load:\n\nhttp://localhost:3000/comidas\n\nWe attempted to make an http request to this URL but the request failed without a response.\n\nWe received this error at the network level:\n\n  > Error: connect ECONNREFUSED 127.0.0.1:3000\n\nCommon situations why this would fail:\n  - you don't have internet access\n  - you forgot to run / boot your web server\n  - your web server isn't accessible\n  - you have weird network configuration settings on your computer\n\nThe stack trace for this error is:\n\nError: connect ECONNREFUSED 127.0.0.1:3000\n    at TCPConnectWrap.afterConnect [as oncomplete] (net.js:1056:14)\n",
                "estack": "CypressError: cy.visit() failed trying to load:\n\nhttp://localhost:3000/comidas\n\nWe attempted to make an http request to this URL but the request failed without a response.\n\nWe received this error at the network level:\n\n  > Error: connect ECONNREFUSED 127.0.0.1:3000\n\nCommon situations why this would fail:\n  - you don't have internet access\n  - you forgot to run / boot your web server\n  - your web server isn't accessible\n  - you have weird network configuration settings on your computer\n\nThe stack trace for this error is:\n\nError: connect ECONNREFUSED 127.0.0.1:3000\n    at TCPConnectWrap.afterConnect [as oncomplete] (net.js:1056:14)\n\n    at Object.cypressErr (http://localhost:36085/__cypress/runner/cypress_runner.js:86207:11)\n    at Object.throwErr (http://localhost:36085/__cypress/runner/cypress_runner.js:86162:18)\n    at Object.throwErrByPath (http://localhost:36085/__cypress/runner/cypress_runner.js:86194:17)\n    at http://localhost:36085/__cypress/runner/cypress_runner.js:71500:31\n    at visitFailedByErr (http://localhost:36085/__cypress/runner/cypress_runner.js:71006:12)\n    at http://localhost:36085/__cypress/runner/cypress_runner.js:71499:22\n    at tryCatcher (http://localhost:36085/__cypress/runner/cypress_runner.js:120203:23)\n    at Promise._settlePromiseFromHandler (http://localhost:36085/__cypress/runner/cypress_runner.js:118139:31)\n    at Promise._settlePromise (http://localhost:36085/__cypress/runner/cypress_runner.js:118196:18)\n    at Promise._settlePromise0 (http://localhost:36085/__cypress/runner/cypress_runner.js:118241:10)\n    at Promise._settlePromises (http://localhost:36085/__cypress/runner/cypress_runner.js:118316:18)\n    at Async../node_modules/bluebird/js/release/async.js.Async._drainQueue (http://localhost:36085/__cypress/runner/cypress_runner.js:114928:16)\n    at Async../node_modules/bluebird/js/release/async.js.Async._drainQueues (http://localhost:36085/__cypress/runner/cypress_runner.js:114938:10)\n    at Async.drainQueues (http://localhost:36085/__cypress/runner/cypress_runner.js:114812:14)",
                "diff": null
              },
              "uuid": "7765cb74-096e-4002-9b1c-d042166af2a8",
              "parentUUID": "cf8b18ee-69fd-42cc-8ea0-23ae8235622f",
              "isHook": false,
              "skipped": false
            },
            {
              "title": "Caso as receitas sejam de comida e a categoria seja \"Goat\", deve-se carregar as 12 primeiras receitas de \"Goat\"",
              "fullTitle": "28 - Implemente o filtro das receitas através da API ao clicar no filtro de categoria Caso as receitas sejam de comida e a categoria seja \"Goat\", deve-se carregar as 12 primeiras receitas de \"Goat\"",
              "timedOut": null,
              "duration": 878,
              "state": "failed",
              "speed": null,
              "pass": false,
              "fail": true,
              "pending": false,
              "context": null,
              "code": "cy.visit('http://localhost:3000/comidas', {\n  onBeforeLoad: function onBeforeLoad(win) {\n    win.fetch = fetchMock;\n  }\n});\ncy.get('[data-testid=\"Goat-category-filter\"]').click();\ncheckFirstTwelveRecipes(goatMealsMock.meals);",
              "err": {
                "message": "CypressError: cy.visit() failed trying to load:\n\nhttp://localhost:3000/comidas\n\nWe attempted to make an http request to this URL but the request failed without a response.\n\nWe received this error at the network level:\n\n  > Error: connect ECONNREFUSED 127.0.0.1:3000\n\nCommon situations why this would fail:\n  - you don't have internet access\n  - you forgot to run / boot your web server\n  - your web server isn't accessible\n  - you have weird network configuration settings on your computer\n\nThe stack trace for this error is:\n\nError: connect ECONNREFUSED 127.0.0.1:3000\n    at TCPConnectWrap.afterConnect [as oncomplete] (net.js:1056:14)\n",
                "estack": "CypressError: cy.visit() failed trying to load:\n\nhttp://localhost:3000/comidas\n\nWe attempted to make an http request to this URL but the request failed without a response.\n\nWe received this error at the network level:\n\n  > Error: connect ECONNREFUSED 127.0.0.1:3000\n\nCommon situations why this would fail:\n  - you don't have internet access\n  - you forgot to run / boot your web server\n  - your web server isn't accessible\n  - you have weird network configuration settings on your computer\n\nThe stack trace for this error is:\n\nError: connect ECONNREFUSED 127.0.0.1:3000\n    at TCPConnectWrap.afterConnect [as oncomplete] (net.js:1056:14)\n\n    at Object.cypressErr (http://localhost:36085/__cypress/runner/cypress_runner.js:86207:11)\n    at Object.throwErr (http://localhost:36085/__cypress/runner/cypress_runner.js:86162:18)\n    at Object.throwErrByPath (http://localhost:36085/__cypress/runner/cypress_runner.js:86194:17)\n    at http://localhost:36085/__cypress/runner/cypress_runner.js:71500:31\n    at visitFailedByErr (http://localhost:36085/__cypress/runner/cypress_runner.js:71006:12)\n    at http://localhost:36085/__cypress/runner/cypress_runner.js:71499:22\n    at tryCatcher (http://localhost:36085/__cypress/runner/cypress_runner.js:120203:23)\n    at Promise._settlePromiseFromHandler (http://localhost:36085/__cypress/runner/cypress_runner.js:118139:31)\n    at Promise._settlePromise (http://localhost:36085/__cypress/runner/cypress_runner.js:118196:18)\n    at Promise._settlePromise0 (http://localhost:36085/__cypress/runner/cypress_runner.js:118241:10)\n    at Promise._settlePromises (http://localhost:36085/__cypress/runner/cypress_runner.js:118316:18)\n    at Async../node_modules/bluebird/js/release/async.js.Async._drainQueue (http://localhost:36085/__cypress/runner/cypress_runner.js:114928:16)\n    at Async../node_modules/bluebird/js/release/async.js.Async._drainQueues (http://localhost:36085/__cypress/runner/cypress_runner.js:114938:10)\n    at Async.drainQueues (http://localhost:36085/__cypress/runner/cypress_runner.js:114812:14)",
                "diff": null
              },
              "uuid": "4c562ba9-bcea-488d-ac5b-62dabbe99721",
              "parentUUID": "cf8b18ee-69fd-42cc-8ea0-23ae8235622f",
              "isHook": false,
              "skipped": false
            },
            {
              "title": "Caso as receitas sejam de bebida e a categoria seja \"Ordinary Drink\", deve-se carregar as 12 primeiras receitas de \"Ordinary Drink\"",
              "fullTitle": "28 - Implemente o filtro das receitas através da API ao clicar no filtro de categoria Caso as receitas sejam de bebida e a categoria seja \"Ordinary Drink\", deve-se carregar as 12 primeiras receitas de \"Ordinary Drink\"",
              "timedOut": null,
              "duration": 881,
              "state": "failed",
              "speed": null,
              "pass": false,
              "fail": true,
              "pending": false,
              "context": null,
              "code": "cy.visit('http://localhost:3000/bebidas', {\n  onBeforeLoad: function onBeforeLoad(win) {\n    win.fetch = fetchMock;\n  }\n});\ncy.get('[data-testid=\"Ordinary Drink-category-filter\"]').click();\ncheckFirstTwelveRecipes(ordinaryDrinksMock.drinks, false);",
              "err": {
                "message": "CypressError: cy.visit() failed trying to load:\n\nhttp://localhost:3000/bebidas\n\nWe attempted to make an http request to this URL but the request failed without a response.\n\nWe received this error at the network level:\n\n  > Error: connect ECONNREFUSED 127.0.0.1:3000\n\nCommon situations why this would fail:\n  - you don't have internet access\n  - you forgot to run / boot your web server\n  - your web server isn't accessible\n  - you have weird network configuration settings on your computer\n\nThe stack trace for this error is:\n\nError: connect ECONNREFUSED 127.0.0.1:3000\n    at TCPConnectWrap.afterConnect [as oncomplete] (net.js:1056:14)\n",
                "estack": "CypressError: cy.visit() failed trying to load:\n\nhttp://localhost:3000/bebidas\n\nWe attempted to make an http request to this URL but the request failed without a response.\n\nWe received this error at the network level:\n\n  > Error: connect ECONNREFUSED 127.0.0.1:3000\n\nCommon situations why this would fail:\n  - you don't have internet access\n  - you forgot to run / boot your web server\n  - your web server isn't accessible\n  - you have weird network configuration settings on your computer\n\nThe stack trace for this error is:\n\nError: connect ECONNREFUSED 127.0.0.1:3000\n    at TCPConnectWrap.afterConnect [as oncomplete] (net.js:1056:14)\n\n    at Object.cypressErr (http://localhost:36085/__cypress/runner/cypress_runner.js:86207:11)\n    at Object.throwErr (http://localhost:36085/__cypress/runner/cypress_runner.js:86162:18)\n    at Object.throwErrByPath (http://localhost:36085/__cypress/runner/cypress_runner.js:86194:17)\n    at http://localhost:36085/__cypress/runner/cypress_runner.js:71500:31\n    at visitFailedByErr (http://localhost:36085/__cypress/runner/cypress_runner.js:71006:12)\n    at http://localhost:36085/__cypress/runner/cypress_runner.js:71499:22\n    at tryCatcher (http://localhost:36085/__cypress/runner/cypress_runner.js:120203:23)\n    at Promise._settlePromiseFromHandler (http://localhost:36085/__cypress/runner/cypress_runner.js:118139:31)\n    at Promise._settlePromise (http://localhost:36085/__cypress/runner/cypress_runner.js:118196:18)\n    at Promise._settlePromise0 (http://localhost:36085/__cypress/runner/cypress_runner.js:118241:10)\n    at Promise._settlePromises (http://localhost:36085/__cypress/runner/cypress_runner.js:118316:18)\n    at Async../node_modules/bluebird/js/release/async.js.Async._drainQueue (http://localhost:36085/__cypress/runner/cypress_runner.js:114928:16)\n    at Async../node_modules/bluebird/js/release/async.js.Async._drainQueues (http://localhost:36085/__cypress/runner/cypress_runner.js:114938:10)\n    at Async.drainQueues (http://localhost:36085/__cypress/runner/cypress_runner.js:114812:14)",
                "diff": null
              },
              "uuid": "98e82905-475a-4b67-b1c2-86180db10f41",
              "parentUUID": "cf8b18ee-69fd-42cc-8ea0-23ae8235622f",
              "isHook": false,
              "skipped": false
            },
            {
              "title": "Caso as receitas sejam de bebida e a categoria seja \"Cocktail\", deve-se carregar as 12 primeiras receitas de \"Cocktail\"",
              "fullTitle": "28 - Implemente o filtro das receitas através da API ao clicar no filtro de categoria Caso as receitas sejam de bebida e a categoria seja \"Cocktail\", deve-se carregar as 12 primeiras receitas de \"Cocktail\"",
              "timedOut": null,
              "duration": 838,
              "state": "failed",
              "speed": null,
              "pass": false,
              "fail": true,
              "pending": false,
              "context": null,
              "code": "cy.visit('http://localhost:3000/bebidas', {\n  onBeforeLoad: function onBeforeLoad(win) {\n    win.fetch = fetchMock;\n  }\n});\ncy.get('[data-testid=\"Cocktail-category-filter\"]').click();\ncheckFirstTwelveRecipes(cocktailDrinksMock.drinks, false);",
              "err": {
                "message": "CypressError: cy.visit() failed trying to load:\n\nhttp://localhost:3000/bebidas\n\nWe attempted to make an http request to this URL but the request failed without a response.\n\nWe received this error at the network level:\n\n  > Error: connect ECONNREFUSED 127.0.0.1:3000\n\nCommon situations why this would fail:\n  - you don't have internet access\n  - you forgot to run / boot your web server\n  - your web server isn't accessible\n  - you have weird network configuration settings on your computer\n\nThe stack trace for this error is:\n\nError: connect ECONNREFUSED 127.0.0.1:3000\n    at TCPConnectWrap.afterConnect [as oncomplete] (net.js:1056:14)\n",
                "estack": "CypressError: cy.visit() failed trying to load:\n\nhttp://localhost:3000/bebidas\n\nWe attempted to make an http request to this URL but the request failed without a response.\n\nWe received this error at the network level:\n\n  > Error: connect ECONNREFUSED 127.0.0.1:3000\n\nCommon situations why this would fail:\n  - you don't have internet access\n  - you forgot to run / boot your web server\n  - your web server isn't accessible\n  - you have weird network configuration settings on your computer\n\nThe stack trace for this error is:\n\nError: connect ECONNREFUSED 127.0.0.1:3000\n    at TCPConnectWrap.afterConnect [as oncomplete] (net.js:1056:14)\n\n    at Object.cypressErr (http://localhost:36085/__cypress/runner/cypress_runner.js:86207:11)\n    at Object.throwErr (http://localhost:36085/__cypress/runner/cypress_runner.js:86162:18)\n    at Object.throwErrByPath (http://localhost:36085/__cypress/runner/cypress_runner.js:86194:17)\n    at http://localhost:36085/__cypress/runner/cypress_runner.js:71500:31\n    at visitFailedByErr (http://localhost:36085/__cypress/runner/cypress_runner.js:71006:12)\n    at http://localhost:36085/__cypress/runner/cypress_runner.js:71499:22\n    at tryCatcher (http://localhost:36085/__cypress/runner/cypress_runner.js:120203:23)\n    at Promise._settlePromiseFromHandler (http://localhost:36085/__cypress/runner/cypress_runner.js:118139:31)\n    at Promise._settlePromise (http://localhost:36085/__cypress/runner/cypress_runner.js:118196:18)\n    at Promise._settlePromise0 (http://localhost:36085/__cypress/runner/cypress_runner.js:118241:10)\n    at Promise._settlePromises (http://localhost:36085/__cypress/runner/cypress_runner.js:118316:18)\n    at Async../node_modules/bluebird/js/release/async.js.Async._drainQueue (http://localhost:36085/__cypress/runner/cypress_runner.js:114928:16)\n    at Async../node_modules/bluebird/js/release/async.js.Async._drainQueues (http://localhost:36085/__cypress/runner/cypress_runner.js:114938:10)\n    at Async.drainQueues (http://localhost:36085/__cypress/runner/cypress_runner.js:114812:14)",
                "diff": null
              },
              "uuid": "4b634856-c743-4ab1-afde-73a37435800b",
              "parentUUID": "cf8b18ee-69fd-42cc-8ea0-23ae8235622f",
              "isHook": false,
              "skipped": false
            },
            {
              "title": "Caso as receitas sejam de bebida e a categoria seja \"Milk / Float / Shake\", deve-se carregar as 12 primeiras receitas de \"Milk / Float / Shake\"",
              "fullTitle": "28 - Implemente o filtro das receitas através da API ao clicar no filtro de categoria Caso as receitas sejam de bebida e a categoria seja \"Milk / Float / Shake\", deve-se carregar as 12 primeiras receitas de \"Milk / Float / Shake\"",
              "timedOut": null,
              "duration": 916,
              "state": "failed",
              "speed": null,
              "pass": false,
              "fail": true,
              "pending": false,
              "context": null,
              "code": "cy.visit('http://localhost:3000/bebidas', {\n  onBeforeLoad: function onBeforeLoad(win) {\n    win.fetch = fetchMock;\n  }\n});\ncy.get('[data-testid=\"Milk / Float / Shake-category-filter\"]').click();\ncheckFirstTwelveRecipes(milkDrinksMock.drinks, false);",
              "err": {
                "message": "CypressError: cy.visit() failed trying to load:\n\nhttp://localhost:3000/bebidas\n\nWe attempted to make an http request to this URL but the request failed without a response.\n\nWe received this error at the network level:\n\n  > Error: connect ECONNREFUSED 127.0.0.1:3000\n\nCommon situations why this would fail:\n  - you don't have internet access\n  - you forgot to run / boot your web server\n  - your web server isn't accessible\n  - you have weird network configuration settings on your computer\n\nThe stack trace for this error is:\n\nError: connect ECONNREFUSED 127.0.0.1:3000\n    at TCPConnectWrap.afterConnect [as oncomplete] (net.js:1056:14)\n",
                "estack": "CypressError: cy.visit() failed trying to load:\n\nhttp://localhost:3000/bebidas\n\nWe attempted to make an http request to this URL but the request failed without a response.\n\nWe received this error at the network level:\n\n  > Error: connect ECONNREFUSED 127.0.0.1:3000\n\nCommon situations why this would fail:\n  - you don't have internet access\n  - you forgot to run / boot your web server\n  - your web server isn't accessible\n  - you have weird network configuration settings on your computer\n\nThe stack trace for this error is:\n\nError: connect ECONNREFUSED 127.0.0.1:3000\n    at TCPConnectWrap.afterConnect [as oncomplete] (net.js:1056:14)\n\n    at Object.cypressErr (http://localhost:36085/__cypress/runner/cypress_runner.js:86207:11)\n    at Object.throwErr (http://localhost:36085/__cypress/runner/cypress_runner.js:86162:18)\n    at Object.throwErrByPath (http://localhost:36085/__cypress/runner/cypress_runner.js:86194:17)\n    at http://localhost:36085/__cypress/runner/cypress_runner.js:71500:31\n    at visitFailedByErr (http://localhost:36085/__cypress/runner/cypress_runner.js:71006:12)\n    at http://localhost:36085/__cypress/runner/cypress_runner.js:71499:22\n    at tryCatcher (http://localhost:36085/__cypress/runner/cypress_runner.js:120203:23)\n    at Promise._settlePromiseFromHandler (http://localhost:36085/__cypress/runner/cypress_runner.js:118139:31)\n    at Promise._settlePromise (http://localhost:36085/__cypress/runner/cypress_runner.js:118196:18)\n    at Promise._settlePromise0 (http://localhost:36085/__cypress/runner/cypress_runner.js:118241:10)\n    at Promise._settlePromises (http://localhost:36085/__cypress/runner/cypress_runner.js:118316:18)\n    at Async../node_modules/bluebird/js/release/async.js.Async._drainQueue (http://localhost:36085/__cypress/runner/cypress_runner.js:114928:16)\n    at Async../node_modules/bluebird/js/release/async.js.Async._drainQueues (http://localhost:36085/__cypress/runner/cypress_runner.js:114938:10)\n    at Async.drainQueues (http://localhost:36085/__cypress/runner/cypress_runner.js:114812:14)",
                "diff": null
              },
              "uuid": "acbd2b2a-6de5-4350-945a-0e59488d5115",
              "parentUUID": "cf8b18ee-69fd-42cc-8ea0-23ae8235622f",
              "isHook": false,
              "skipped": false
            },
            {
              "title": "Caso as receitas sejam de bebida e a categoria seja \"Other/Unknown\", deve-se carregar as 12 primeiras receitas de \"Other/Unknown\"",
              "fullTitle": "28 - Implemente o filtro das receitas através da API ao clicar no filtro de categoria Caso as receitas sejam de bebida e a categoria seja \"Other/Unknown\", deve-se carregar as 12 primeiras receitas de \"Other/Unknown\"",
              "timedOut": null,
              "duration": 804,
              "state": "failed",
              "speed": null,
              "pass": false,
              "fail": true,
              "pending": false,
              "context": null,
              "code": "cy.visit('http://localhost:3000/bebidas', {\n  onBeforeLoad: function onBeforeLoad(win) {\n    win.fetch = fetchMock;\n  }\n});\ncy.get('[data-testid=\"Other/Unknown-category-filter\"]').click();\ncheckFirstTwelveRecipes(otherDrinksMock.drinks, false);",
              "err": {
                "message": "CypressError: cy.visit() failed trying to load:\n\nhttp://localhost:3000/bebidas\n\nWe attempted to make an http request to this URL but the request failed without a response.\n\nWe received this error at the network level:\n\n  > Error: connect ECONNREFUSED 127.0.0.1:3000\n\nCommon situations why this would fail:\n  - you don't have internet access\n  - you forgot to run / boot your web server\n  - your web server isn't accessible\n  - you have weird network configuration settings on your computer\n\nThe stack trace for this error is:\n\nError: connect ECONNREFUSED 127.0.0.1:3000\n    at TCPConnectWrap.afterConnect [as oncomplete] (net.js:1056:14)\n",
                "estack": "CypressError: cy.visit() failed trying to load:\n\nhttp://localhost:3000/bebidas\n\nWe attempted to make an http request to this URL but the request failed without a response.\n\nWe received this error at the network level:\n\n  > Error: connect ECONNREFUSED 127.0.0.1:3000\n\nCommon situations why this would fail:\n  - you don't have internet access\n  - you forgot to run / boot your web server\n  - your web server isn't accessible\n  - you have weird network configuration settings on your computer\n\nThe stack trace for this error is:\n\nError: connect ECONNREFUSED 127.0.0.1:3000\n    at TCPConnectWrap.afterConnect [as oncomplete] (net.js:1056:14)\n\n    at Object.cypressErr (http://localhost:36085/__cypress/runner/cypress_runner.js:86207:11)\n    at Object.throwErr (http://localhost:36085/__cypress/runner/cypress_runner.js:86162:18)\n    at Object.throwErrByPath (http://localhost:36085/__cypress/runner/cypress_runner.js:86194:17)\n    at http://localhost:36085/__cypress/runner/cypress_runner.js:71500:31\n    at visitFailedByErr (http://localhost:36085/__cypress/runner/cypress_runner.js:71006:12)\n    at http://localhost:36085/__cypress/runner/cypress_runner.js:71499:22\n    at tryCatcher (http://localhost:36085/__cypress/runner/cypress_runner.js:120203:23)\n    at Promise._settlePromiseFromHandler (http://localhost:36085/__cypress/runner/cypress_runner.js:118139:31)\n    at Promise._settlePromise (http://localhost:36085/__cypress/runner/cypress_runner.js:118196:18)\n    at Promise._settlePromise0 (http://localhost:36085/__cypress/runner/cypress_runner.js:118241:10)\n    at Promise._settlePromises (http://localhost:36085/__cypress/runner/cypress_runner.js:118316:18)\n    at Async../node_modules/bluebird/js/release/async.js.Async._drainQueue (http://localhost:36085/__cypress/runner/cypress_runner.js:114928:16)\n    at Async../node_modules/bluebird/js/release/async.js.Async._drainQueues (http://localhost:36085/__cypress/runner/cypress_runner.js:114938:10)\n    at Async.drainQueues (http://localhost:36085/__cypress/runner/cypress_runner.js:114812:14)",
                "diff": null
              },
              "uuid": "eb06c64b-6f8a-49f4-a554-d1ed64fba512",
              "parentUUID": "cf8b18ee-69fd-42cc-8ea0-23ae8235622f",
              "isHook": false,
              "skipped": false
            },
            {
              "title": "Caso as receitas sejam de bebida e a categoria seja \"Cocoa\", deve-se carregar as 12 primeiras receitas de \"Cocoa\"",
              "fullTitle": "28 - Implemente o filtro das receitas através da API ao clicar no filtro de categoria Caso as receitas sejam de bebida e a categoria seja \"Cocoa\", deve-se carregar as 12 primeiras receitas de \"Cocoa\"",
              "timedOut": null,
              "duration": 860,
              "state": "failed",
              "speed": null,
              "pass": false,
              "fail": true,
              "pending": false,
              "context": null,
              "code": "cy.visit('http://localhost:3000/bebidas', {\n  onBeforeLoad: function onBeforeLoad(win) {\n    win.fetch = fetchMock;\n  }\n});\ncy.get('[data-testid=\"Cocoa-category-filter\"]').click();\ncheckFirstTwelveRecipes(cocoaDrinksMock.drinks, false);",
              "err": {
                "message": "CypressError: cy.visit() failed trying to load:\n\nhttp://localhost:3000/bebidas\n\nWe attempted to make an http request to this URL but the request failed without a response.\n\nWe received this error at the network level:\n\n  > Error: connect ECONNREFUSED 127.0.0.1:3000\n\nCommon situations why this would fail:\n  - you don't have internet access\n  - you forgot to run / boot your web server\n  - your web server isn't accessible\n  - you have weird network configuration settings on your computer\n\nThe stack trace for this error is:\n\nError: connect ECONNREFUSED 127.0.0.1:3000\n    at TCPConnectWrap.afterConnect [as oncomplete] (net.js:1056:14)\n",
                "estack": "CypressError: cy.visit() failed trying to load:\n\nhttp://localhost:3000/bebidas\n\nWe attempted to make an http request to this URL but the request failed without a response.\n\nWe received this error at the network level:\n\n  > Error: connect ECONNREFUSED 127.0.0.1:3000\n\nCommon situations why this would fail:\n  - you don't have internet access\n  - you forgot to run / boot your web server\n  - your web server isn't accessible\n  - you have weird network configuration settings on your computer\n\nThe stack trace for this error is:\n\nError: connect ECONNREFUSED 127.0.0.1:3000\n    at TCPConnectWrap.afterConnect [as oncomplete] (net.js:1056:14)\n\n    at Object.cypressErr (http://localhost:36085/__cypress/runner/cypress_runner.js:86207:11)\n    at Object.throwErr (http://localhost:36085/__cypress/runner/cypress_runner.js:86162:18)\n    at Object.throwErrByPath (http://localhost:36085/__cypress/runner/cypress_runner.js:86194:17)\n    at http://localhost:36085/__cypress/runner/cypress_runner.js:71500:31\n    at visitFailedByErr (http://localhost:36085/__cypress/runner/cypress_runner.js:71006:12)\n    at http://localhost:36085/__cypress/runner/cypress_runner.js:71499:22\n    at tryCatcher (http://localhost:36085/__cypress/runner/cypress_runner.js:120203:23)\n    at Promise._settlePromiseFromHandler (http://localhost:36085/__cypress/runner/cypress_runner.js:118139:31)\n    at Promise._settlePromise (http://localhost:36085/__cypress/runner/cypress_runner.js:118196:18)\n    at Promise._settlePromise0 (http://localhost:36085/__cypress/runner/cypress_runner.js:118241:10)\n    at Promise._settlePromises (http://localhost:36085/__cypress/runner/cypress_runner.js:118316:18)\n    at Async../node_modules/bluebird/js/release/async.js.Async._drainQueue (http://localhost:36085/__cypress/runner/cypress_runner.js:114928:16)\n    at Async../node_modules/bluebird/js/release/async.js.Async._drainQueues (http://localhost:36085/__cypress/runner/cypress_runner.js:114938:10)\n    at Async.drainQueues (http://localhost:36085/__cypress/runner/cypress_runner.js:114812:14)",
                "diff": null
              },
              "uuid": "8fbace96-cd3f-40f8-b716-5281590ebf8a",
              "parentUUID": "cf8b18ee-69fd-42cc-8ea0-23ae8235622f",
              "isHook": false,
              "skipped": false
            }
          ],
          "suites": [],
          "passes": [],
          "failures": [
            "664c3c13-f130-4994-9b91-e0fbf6d80dc4",
            "de9f7ef5-2b4c-4d0a-a6bf-bd7222b3c1cf",
            "a9e1fa5d-5e8b-46d0-ad13-7537743240b3",
            "7765cb74-096e-4002-9b1c-d042166af2a8",
            "4c562ba9-bcea-488d-ac5b-62dabbe99721",
            "98e82905-475a-4b67-b1c2-86180db10f41",
            "4b634856-c743-4ab1-afde-73a37435800b",
            "acbd2b2a-6de5-4350-945a-0e59488d5115",
            "eb06c64b-6f8a-49f4-a554-d1ed64fba512",
            "8fbace96-cd3f-40f8-b716-5281590ebf8a"
          ],
          "pending": [],
          "skipped": [],
          "duration": 8536,
          "root": false,
          "rootEmpty": false,
          "_timeout": 2000
        },
        {
          "uuid": "802cae16-ca67-4c5a-a35f-b95d90f9ec93",
          "title": "29 - Implemente o filtro como um toggle, que se for selecionado de novo, o app deve retornar as receitas sem nenhum filtro",
          "fullFile": "",
          "file": "",
          "beforeHooks": [],
          "afterHooks": [],
          "tests": [
            {
              "title": "Caso as receitas sejam de comida e o filtro tenha sido selecionado novamente, deve-se retornar as 12 primeiras receitas sem filtro",
              "fullTitle": "29 - Implemente o filtro como um toggle, que se for selecionado de novo, o app deve retornar as receitas sem nenhum filtro Caso as receitas sejam de comida e o filtro tenha sido selecionado novamente, deve-se retornar as 12 primeiras receitas sem filtro",
              "timedOut": null,
              "duration": 790,
              "state": "failed",
              "speed": null,
              "pass": false,
              "fail": true,
              "pending": false,
              "context": null,
              "code": "cy.visit('http://localhost:3000/comidas', {\n  onBeforeLoad: function onBeforeLoad(win) {\n    win.fetch = fetchMock;\n  }\n});\ncy.get('[data-testid=\"Beef-category-filter\"]').click();\ncy.get('[data-testid=\"Beef-category-filter\"]').click();\ncheckFirstTwelveRecipes(mealsMock.meals);",
              "err": {
                "message": "CypressError: cy.visit() failed trying to load:\n\nhttp://localhost:3000/comidas\n\nWe attempted to make an http request to this URL but the request failed without a response.\n\nWe received this error at the network level:\n\n  > Error: connect ECONNREFUSED 127.0.0.1:3000\n\nCommon situations why this would fail:\n  - you don't have internet access\n  - you forgot to run / boot your web server\n  - your web server isn't accessible\n  - you have weird network configuration settings on your computer\n\nThe stack trace for this error is:\n\nError: connect ECONNREFUSED 127.0.0.1:3000\n    at TCPConnectWrap.afterConnect [as oncomplete] (net.js:1056:14)\n",
                "estack": "CypressError: cy.visit() failed trying to load:\n\nhttp://localhost:3000/comidas\n\nWe attempted to make an http request to this URL but the request failed without a response.\n\nWe received this error at the network level:\n\n  > Error: connect ECONNREFUSED 127.0.0.1:3000\n\nCommon situations why this would fail:\n  - you don't have internet access\n  - you forgot to run / boot your web server\n  - your web server isn't accessible\n  - you have weird network configuration settings on your computer\n\nThe stack trace for this error is:\n\nError: connect ECONNREFUSED 127.0.0.1:3000\n    at TCPConnectWrap.afterConnect [as oncomplete] (net.js:1056:14)\n\n    at Object.cypressErr (http://localhost:36085/__cypress/runner/cypress_runner.js:86207:11)\n    at Object.throwErr (http://localhost:36085/__cypress/runner/cypress_runner.js:86162:18)\n    at Object.throwErrByPath (http://localhost:36085/__cypress/runner/cypress_runner.js:86194:17)\n    at http://localhost:36085/__cypress/runner/cypress_runner.js:71500:31\n    at visitFailedByErr (http://localhost:36085/__cypress/runner/cypress_runner.js:71006:12)\n    at http://localhost:36085/__cypress/runner/cypress_runner.js:71499:22\n    at tryCatcher (http://localhost:36085/__cypress/runner/cypress_runner.js:120203:23)\n    at Promise._settlePromiseFromHandler (http://localhost:36085/__cypress/runner/cypress_runner.js:118139:31)\n    at Promise._settlePromise (http://localhost:36085/__cypress/runner/cypress_runner.js:118196:18)\n    at Promise._settlePromise0 (http://localhost:36085/__cypress/runner/cypress_runner.js:118241:10)\n    at Promise._settlePromises (http://localhost:36085/__cypress/runner/cypress_runner.js:118316:18)\n    at Async../node_modules/bluebird/js/release/async.js.Async._drainQueue (http://localhost:36085/__cypress/runner/cypress_runner.js:114928:16)\n    at Async../node_modules/bluebird/js/release/async.js.Async._drainQueues (http://localhost:36085/__cypress/runner/cypress_runner.js:114938:10)\n    at Async.drainQueues (http://localhost:36085/__cypress/runner/cypress_runner.js:114812:14)",
                "diff": null
              },
              "uuid": "27335af6-44db-47c8-abec-fc59f543c567",
              "parentUUID": "802cae16-ca67-4c5a-a35f-b95d90f9ec93",
              "isHook": false,
              "skipped": false
            },
            {
              "title": "Caso as receitas sejam de bebida e o filtro tenha sido selecionado novamente, deve-se retornar as 12 primeiras receitas sem filtro",
              "fullTitle": "29 - Implemente o filtro como um toggle, que se for selecionado de novo, o app deve retornar as receitas sem nenhum filtro Caso as receitas sejam de bebida e o filtro tenha sido selecionado novamente, deve-se retornar as 12 primeiras receitas sem filtro",
              "timedOut": null,
              "duration": 947,
              "state": "failed",
              "speed": null,
              "pass": false,
              "fail": true,
              "pending": false,
              "context": null,
              "code": "cy.visit('http://localhost:3000/bebidas', {\n  onBeforeLoad: function onBeforeLoad(win) {\n    win.fetch = fetchMock;\n  }\n});\ncy.get('[data-testid=\"Ordinary Drink-category-filter\"]').click();\ncy.get('[data-testid=\"Ordinary Drink-category-filter\"]').click();\ncheckFirstTwelveRecipes(drinksMock.drinks, false);",
              "err": {
                "message": "CypressError: cy.visit() failed trying to load:\n\nhttp://localhost:3000/bebidas\n\nWe attempted to make an http request to this URL but the request failed without a response.\n\nWe received this error at the network level:\n\n  > Error: connect ECONNREFUSED 127.0.0.1:3000\n\nCommon situations why this would fail:\n  - you don't have internet access\n  - you forgot to run / boot your web server\n  - your web server isn't accessible\n  - you have weird network configuration settings on your computer\n\nThe stack trace for this error is:\n\nError: connect ECONNREFUSED 127.0.0.1:3000\n    at TCPConnectWrap.afterConnect [as oncomplete] (net.js:1056:14)\n",
                "estack": "CypressError: cy.visit() failed trying to load:\n\nhttp://localhost:3000/bebidas\n\nWe attempted to make an http request to this URL but the request failed without a response.\n\nWe received this error at the network level:\n\n  > Error: connect ECONNREFUSED 127.0.0.1:3000\n\nCommon situations why this would fail:\n  - you don't have internet access\n  - you forgot to run / boot your web server\n  - your web server isn't accessible\n  - you have weird network configuration settings on your computer\n\nThe stack trace for this error is:\n\nError: connect ECONNREFUSED 127.0.0.1:3000\n    at TCPConnectWrap.afterConnect [as oncomplete] (net.js:1056:14)\n\n    at Object.cypressErr (http://localhost:36085/__cypress/runner/cypress_runner.js:86207:11)\n    at Object.throwErr (http://localhost:36085/__cypress/runner/cypress_runner.js:86162:18)\n    at Object.throwErrByPath (http://localhost:36085/__cypress/runner/cypress_runner.js:86194:17)\n    at http://localhost:36085/__cypress/runner/cypress_runner.js:71500:31\n    at visitFailedByErr (http://localhost:36085/__cypress/runner/cypress_runner.js:71006:12)\n    at http://localhost:36085/__cypress/runner/cypress_runner.js:71499:22\n    at tryCatcher (http://localhost:36085/__cypress/runner/cypress_runner.js:120203:23)\n    at Promise._settlePromiseFromHandler (http://localhost:36085/__cypress/runner/cypress_runner.js:118139:31)\n    at Promise._settlePromise (http://localhost:36085/__cypress/runner/cypress_runner.js:118196:18)\n    at Promise._settlePromise0 (http://localhost:36085/__cypress/runner/cypress_runner.js:118241:10)\n    at Promise._settlePromises (http://localhost:36085/__cypress/runner/cypress_runner.js:118316:18)\n    at Async../node_modules/bluebird/js/release/async.js.Async._drainQueue (http://localhost:36085/__cypress/runner/cypress_runner.js:114928:16)\n    at Async../node_modules/bluebird/js/release/async.js.Async._drainQueues (http://localhost:36085/__cypress/runner/cypress_runner.js:114938:10)\n    at Async.drainQueues (http://localhost:36085/__cypress/runner/cypress_runner.js:114812:14)",
                "diff": null
              },
              "uuid": "354947f9-cb8a-4890-8bed-786ca07a218d",
              "parentUUID": "802cae16-ca67-4c5a-a35f-b95d90f9ec93",
              "isHook": false,
              "skipped": false
            }
          ],
          "suites": [],
          "passes": [],
          "failures": [
            "27335af6-44db-47c8-abec-fc59f543c567",
            "354947f9-cb8a-4890-8bed-786ca07a218d"
          ],
          "pending": [],
          "skipped": [],
          "duration": 1737,
          "root": false,
          "rootEmpty": false,
          "_timeout": 2000
        },
        {
          "uuid": "f6ea201e-2a7b-492f-885d-3f7f9621fb83",
          "title": "30 - Implemente o filtro de categoria para que apenas um seja selecionado por vez",
          "fullFile": "",
          "file": "",
          "beforeHooks": [],
          "afterHooks": [],
          "tests": [
            {
              "title": "Caso as receitas sejam de comida apenas um filtro de categoria deve poder ser selecionado por vez",
              "fullTitle": "30 - Implemente o filtro de categoria para que apenas um seja selecionado por vez Caso as receitas sejam de comida apenas um filtro de categoria deve poder ser selecionado por vez",
              "timedOut": null,
              "duration": 805,
              "state": "failed",
              "speed": null,
              "pass": false,
              "fail": true,
              "pending": false,
              "context": null,
              "code": "cy.visit('http://localhost:3000/comidas', {\n  onBeforeLoad: function onBeforeLoad(win) {\n    win.fetch = fetchMock;\n  }\n});\ncy.get('[data-testid=\"Beef-category-filter\"]').click();\ncheckFirstTwelveRecipes(beefMealsMock.meals);\ncy.get('[data-testid=\"Breakfast-category-filter\"]').click();\ncheckFirstTwelveRecipes(breakfastMealsMock.meals);",
              "err": {
                "message": "CypressError: cy.visit() failed trying to load:\n\nhttp://localhost:3000/comidas\n\nWe attempted to make an http request to this URL but the request failed without a response.\n\nWe received this error at the network level:\n\n  > Error: connect ECONNREFUSED 127.0.0.1:3000\n\nCommon situations why this would fail:\n  - you don't have internet access\n  - you forgot to run / boot your web server\n  - your web server isn't accessible\n  - you have weird network configuration settings on your computer\n\nThe stack trace for this error is:\n\nError: connect ECONNREFUSED 127.0.0.1:3000\n    at TCPConnectWrap.afterConnect [as oncomplete] (net.js:1056:14)\n",
[...]
                "diff": null
              },
              "uuid": "f7723c62-eb0f-4968-b489-9b75e5dc3283",
              "parentUUID": "f6ea201e-2a7b-492f-885d-3f7f9621fb83",
              "isHook": false,
              "skipped": false
            }
          ],
          "suites": [],
          "passes": [],
          "failures": [
            "6ef4ae8d-6e29-4db8-a89f-41d4565439c7",
            "f7723c62-eb0f-4968-b489-9b75e5dc3283"
          ],
          "pending": [],
          "skipped": [],
          "duration": 1648,
          "root": false,
          "rootEmpty": false,
          "_timeout": 2000
        },
        {
          "uuid": "a2f9e31d-4257-4648-b498-3984de9df2cf",
          "title": "31 - Desenvolva o filtro de categorias com a opção de filtrar por todas as categorias",
          "fullFile": "",
          "file": "",
          "beforeHooks": [],
          "afterHooks": [],
          "tests": [
            {
              "title": "Caso as receitas sejam de comida deve existir a opção de filtrar por todas as categorias",
              "fullTitle": "31 - Desenvolva o filtro de categorias com a opção de filtrar por todas as categorias Caso as receitas sejam de comida deve existir a opção de filtrar por todas as categorias",
              "timedOut": null,
              "duration": 883,
              "state": "failed",
              "speed": null,
              "pass": false,
              "fail": true,
              "pending": false,
              "context": null,
              "code": "cy.visit('http://localhost:3000/comidas', {\n  onBeforeLoad: function onBeforeLoad(win) {\n    win.fetch = fetchMock;\n  }\n});\ncy.get('[data-testid=\"Beef-category-filter\"]').click();\ncheckFirstTwelveRecipes(beefMealsMock.meals);\ncy.get('[data-testid=\"All-category-filter\"]').click();\ncheckFirstTwelveRecipes(mealsMock.meals);",
              "err": {
                "message": "CypressError: cy.visit() failed trying to load:\n\nhttp://localhost:3000/comidas\n\nWe attempted to make an http request to this URL but the request failed without a response.\n\nWe received this error at the network level:\n\n  > Error: connect ECONNREFUSED 127.0.0.1:3000\n\nCommon situations why this would fail:\n  - you don't have internet access\n  - you forgot to run / boot your web server\n  - your web server isn't accessible\n  - you have weird network configuration settings on your computer\n\nThe stack trace for this error is:\n\nError: connect ECONNREFUSED 127.0.0.1:3000\n    at TCPConnectWrap.afterConnect [as oncomplete] (net.js:1056:14)\n",
                "estack": "CypressError: cy.visit() failed trying to load:\n\nhttp://localhost:3000/comidas\n\nWe attempted to make an http request to this URL but the request failed without a response.\n\nWe received this error at the network level:\n\n  > Error: connect ECONNREFUSED 127.0.0.1:3000\n\nCommon situations why this would fail:\n  - you don't have internet access\n  - you forgot to run / boot your web server\n  - your web server isn't accessible\n  - you have weird network configuration settings on your computer\n\nThe stack trace for this error is:\n\nError: connect ECONNREFUSED 127.0.0.1:3000\n    at TCPConnectWrap.afterConnect [as oncomplete] (net.js:1056:14)\n\n    at Object.cypressErr (http://localhost:36085/__cypress/runner/cypress_runner.js:86207:11)\n    at Object.throwErr (http://localhost:36085/__cypress/runner/cypress_runner.js:86162:18)\n    at Object.throwErrByPath (http://localhost:36085/__cypress/runner/cypress_runner.js:86194:17)\n    at http://localhost:36085/__cypress/runner/cypress_runner.js:71500:31\n    at visitFailedByErr (http://localhost:36085/__cypress/runner/cypress_runner.js:71006:12)\n    at http://localhost:36085/__cypress/runner/cypress_runner.js:71499:22\n    at tryCatcher (http://localhost:36085/__cypress/runner/cypress_runner.js:120203:23)\n    at Promise._settlePromiseFromHandler (http://localhost:36085/__cypress/runner/cypress_runner.js:118139:31)\n    at Promise._settlePromise (http://localhost:36085/__cypress/runner/cypress_runner.js:118196:18)\n    at Promise._settlePromise0 (http://localhost:36085/__cypress/runner/cypress_runner.js:118241:10)\n    at Promise._settlePromises (http://localhost:36085/__cypress/runner/cypress_runner.js:118316:18)\n    at Async../node_modules/bluebird/js/release/async.js.Async._drainQueue (http://localhost:36085/__cypress/runner/cypress_runner.js:114928:16)\n    at Async../node_modules/bluebird/js/release/async.js.Async._drainQueues (http://localhost:36085/__cypress/runner/cypress_runner.js:114938:10)\n    at Async.drainQueues (http://localhost:36085/__cypress/runner/cypress_runner.js:114812:14)",
                "diff": null
              },
              "uuid": "f036f7b3-3bc0-46bc-9cfe-ad672f240626",
              "parentUUID": "a2f9e31d-4257-4648-b498-3984de9df2cf",
              "isHook": false,
              "skipped": false
            },
            {
              "title": "Caso as receitas sejam de bebida deve existir a opção de filtrar por todas as categorias",
              "fullTitle": "31 - Desenvolva o filtro de categorias com a opção de filtrar por todas as categorias Caso as receitas sejam de bebida deve existir a opção de filtrar por todas as categorias",
              "timedOut": null,
              "duration": 813,
              "state": "failed",
              "speed": null,
              "pass": false,
              "fail": true,
              "pending": false,
              "context": null,
              "code": "cy.visit('http://localhost:3000/bebidas', {\n  onBeforeLoad: function onBeforeLoad(win) {\n    win.fetch = fetchMock;\n  }\n});\ncy.get('[data-testid=\"Ordinary Drink-category-filter\"]').click();\ncheckFirstTwelveRecipes(ordinaryDrinksMock.drinks, false);\ncy.get('[data-testid=\"All-category-filter\"]').click();\ncheckFirstTwelveRecipes(drinksMock.drinks, false);",
              "err": {
                "message": "CypressError: cy.visit() failed trying to load:\n\nhttp://localhost:3000/bebidas\n\nWe attempted to make an http request to this URL but the request failed without a response.\n\nWe received this error at the network level:\n\n  > Error: connect ECONNREFUSED 127.0.0.1:3000\n\nCommon situations why this would fail:\n  - you don't have internet access\n  - you forgot to run / boot your web server\n  - your web server isn't accessible\n  - you have weird network configuration settings on your computer\n\nThe stack trace for this error is:\n\nError: connect ECONNREFUSED 127.0.0.1:3000\n    at TCPConnectWrap.afterConnect [as oncomplete] (net.js:1056:14)\n",
                "estack": "CypressError: cy.visit() failed trying to load:\n\nhttp://localhost:3000/bebidas\n\nWe attempted to make an http request to this URL but the request failed without a response.\n\nWe received this error at the network level:\n\n  > Error: connect ECONNREFUSED 127.0.0.1:3000\n\nCommon situations why this would fail:\n  - you don't have internet access\n  - you forgot to run / boot your web server\n  - your web server isn't accessible\n  - you have weird network configuration settings on your computer\n\nThe stack trace for this error is:\n\nError: connect ECONNREFUSED 127.0.0.1:3000\n    at TCPConnectWrap.afterConnect [as oncomplete] (net.js:1056:14)\n\n    at Object.cypressErr (http://localhost:36085/__cypress/runner/cypress_runner.js:86207:11)\n    at Object.throwErr (http://localhost:36085/__cypress/runner/cypress_runner.js:86162:18)\n    at Object.throwErrByPath (http://localhost:36085/__cypress/runner/cypress_runner.js:86194:17)\n    at http://localhost:36085/__cypress/runner/cypress_runner.js:71500:31\n    at visitFailedByErr (http://localhost:36085/__cypress/runner/cypress_runner.js:71006:12)\n    at http://localhost:36085/__cypress/runner/cypress_runner.js:71499:22\n    at tryCatcher (http://localhost:36085/__cypress/runner/cypress_runner.js:120203:23)\n    at Promise._settlePromiseFromHandler (http://localhost:36085/__cypress/runner/cypress_runner.js:118139:31)\n    at Promise._settlePromise (http://localhost:36085/__cypress/runner/cypress_runner.js:118196:18)\n    at Promise._settlePromise0 (http://localhost:36085/__cypress/runner/cypress_runner.js:118241:10)\n    at Promise._settlePromises (http://localhost:36085/__cypress/runner/cypress_runner.js:118316:18)\n    at Async../node_modules/bluebird/js/release/async.js.Async._drainQueue (http://localhost:36085/__cypress/runner/cypress_runner.js:114928:16)\n    at Async../node_modules/bluebird/js/release/async.js.Async._drainQueues (http://localhost:36085/__cypress/runner/cypress_runner.js:114938:10)\n    at Async.drainQueues (http://localhost:36085/__cypress/runner/cypress_runner.js:114812:14)",
                "diff": null
              },
              "uuid": "4ac6c518-c31c-4773-8b0a-4f3578e193d0",
              "parentUUID": "a2f9e31d-4257-4648-b498-3984de9df2cf",
              "isHook": false,
              "skipped": false
            }
          ],
          "suites": [],
          "passes": [],
          "failures": [
            "f036f7b3-3bc0-46bc-9cfe-ad672f240626",
            "4ac6c518-c31c-4773-8b0a-4f3578e193d0"
          ],
          "pending": [],
          "skipped": [],
          "duration": 1696,
          "root": false,
          "rootEmpty": false,
          "_timeout": 2000
        },
        {
          "uuid": "dffd35a9-038c-42e6-a1f3-8c0410267236",
          "title": "32 - Redirecione a pessoa usuária, ao clicar no card, para a tela de detalhes, que deve mudar a rota e conter o id da receita na URL",
          "fullFile": "",
          "file": "",
          "beforeHooks": [],
          "afterHooks": [],
          "tests": [
            {
              "title": "Caso as receitas sejam de comida a rota deve mudar para a tela de detalhes da receita",
              "fullTitle": "32 - Redirecione a pessoa usuária, ao clicar no card, para a tela de detalhes, que deve mudar a rota e conter o id da receita na URL Caso as receitas sejam de comida a rota deve mudar para a tela de detalhes da receita",
              "timedOut": null,
              "duration": 842,
              "state": "failed",
              "speed": null,
              "pass": false,
              "fail": true,
              "pending": false,
              "context": null,
              "code": "cy.visit('http://localhost:3000/comidas', {\n  onBeforeLoad: function onBeforeLoad(win) {\n    win.fetch = fetchMock;\n  }\n});\ncy.get('[data-testid=\"0-recipe-card\"]').click();\ncy.location().should(function (loc) {\n  return expect(loc.pathname).to.eq('/comidas/52977');\n});",
              "err": {
                "message": "CypressError: cy.visit() failed trying to load:\n\nhttp://localhost:3000/comidas\n\nWe attempted to make an http request to this URL but the request failed without a response.\n\nWe received this error at the network level:\n\n  > Error: connect ECONNREFUSED 127.0.0.1:3000\n\nCommon situations why this would fail:\n  - you don't have internet access\n  - you forgot to run / boot your web server\n  - your web server isn't accessible\n  - you have weird network configuration settings on your computer\n\nThe stack trace for this error is:\n\nError: connect ECONNREFUSED 127.0.0.1:3000\n    at TCPConnectWrap.afterConnect [as oncomplete] (net.js:1056:14)\n",
                "estack": "CypressError: cy.visit() failed trying to load:\n\nhttp://localhost:3000/comidas\n\nWe attempted to make an http request to this URL but the request failed without a response.\n\nWe received this error at the network level:\n\n  > Error: connect ECONNREFUSED 127.0.0.1:3000\n\nCommon situations why this would fail:\n  - you don't have internet access\n  - you forgot to run / boot your web server\n  - your web server isn't accessible\n  - you have weird network configuration settings on your computer\n\nThe stack trace for this error is:\n\nError: connect ECONNREFUSED 127.0.0.1:3000\n    at TCPConnectWrap.afterConnect [as oncomplete] (net.js:1056:14)\n\n    at Object.cypressErr (http://localhost:36085/__cypress/runner/cypress_runner.js:86207:11)\n    at Object.throwErr (http://localhost:36085/__cypress/runner/cypress_runner.js:86162:18)\n    at Object.throwErrByPath (http://localhost:36085/__cypress/runner/cypress_runner.js:86194:17)\n    at http://localhost:36085/__cypress/runner/cypress_runner.js:71500:31\n    at visitFailedByErr (http://localhost:36085/__cypress/runner/cypress_runner.js:71006:12)\n    at http://localhost:36085/__cypress/runner/cypress_runner.js:71499:22\n    at tryCatcher (http://localhost:36085/__cypress/runner/cypress_runner.js:120203:23)\n    at Promise._settlePromiseFromHandler (http://localhost:36085/__cypress/runner/cypress_runner.js:118139:31)\n    at Promise._settlePromise (http://localhost:36085/__cypress/runner/cypress_runner.js:118196:18)\n    at Promise._settlePromise0 (http://localhost:36085/__cypress/runner/cypress_runner.js:118241:10)\n    at Promise._settlePromises (http://localhost:36085/__cypress/runner/cypress_runner.js:118316:18)\n    at Async../node_modules/bluebird/js/release/async.js.Async._drainQueue (http://localhost:36085/__cypress/runner/cypress_runner.js:114928:16)\n    at Async../node_modules/bluebird/js/release/async.js.Async._drainQueues (http://localhost:36085/__cypress/runner/cypress_runner.js:114938:10)\n    at Async.drainQueues (http://localhost:36085/__cypress/runner/cypress_runner.js:114812:14)",
                "diff": null
              },
              "uuid": "c95420f5-f628-4fec-a2d6-92ebf72fd956",
              "parentUUID": "dffd35a9-038c-42e6-a1f3-8c0410267236",
              "isHook": false,
              "skipped": false
            },
            {
              "title": "Caso as receitas sejam de bebida a rota deve mudar para a tela de detalhes da receita",
              "fullTitle": "32 - Redirecione a pessoa usuária, ao clicar no card, para a tela de detalhes, que deve mudar a rota e conter o id da receita na URL Caso as receitas sejam de bebida a rota deve mudar para a tela de detalhes da receita",
              "timedOut": null,
              "duration": 784,
              "state": "failed",
              "speed": null,
              "pass": false,
              "fail": true,
              "pending": false,
              "context": null,
              "code": "cy.visit('http://localhost:3000/bebidas', {\n  onBeforeLoad: function onBeforeLoad(win) {\n    win.fetch = fetchMock;\n  }\n});\ncy.get('[data-testid=\"0-recipe-card\"]').click();\ncy.location().should(function (loc) {\n  return expect(loc.pathname).to.eq('/bebidas/15997');\n});",
              "err": {
                "message": "CypressError: cy.visit() failed trying to load:\n\nhttp://localhost:3000/bebidas\n\nWe attempted to make an http request to this URL but the request failed without a response.\n\nWe received this error at the network level:\n\n  > Error: connect ECONNREFUSED 127.0.0.1:3000\n\nCommon situations why this would fail:\n  - you don't have internet access\n  - you forgot to run / boot your web server\n  - your web server isn't accessible\n  - you have weird network configuration settings on your computer\n\nThe stack trace for this error is:\n\nError: connect ECONNREFUSED 127.0.0.1:3000\n    at TCPConnectWrap.afterConnect [as oncomplete] (net.js:1056:14)\n",
                "estack": "CypressError: cy.visit() failed trying to load:\n\nhttp://localhost:3000/bebidas\n\nWe attempted to make an http request to this URL but the request failed without a response.\n\nWe received this error at the network level:\n\n  > Error: connect ECONNREFUSED 127.0.0.1:3000\n\nCommon situations why this would fail:\n  - you don't have internet access\n  - you forgot to run / boot your web server\n  - your web server isn't accessible\n  - you have weird network configuration settings on your computer\n\nThe stack trace for this error is:\n\nError: connect ECONNREFUSED 127.0.0.1:3000\n    at TCPConnectWrap.afterConnect [as oncomplete] (net.js:1056:14)\n\n    at Object.cypressErr (http://localhost:36085/__cypress/runner/cypress_runner.js:86207:11)\n    at Object.throwErr (http://localhost:36085/__cypress/runner/cypress_runner.js:86162:18)\n    at Object.throwErrByPath (http://localhost:36085/__cypress/runner/cypress_runner.js:86194:17)\n    at http://localhost:36085/__cypress/runner/cypress_runner.js:71500:31\n    at visitFailedByErr (http://localhost:36085/__cypress/runner/cypress_runner.js:71006:12)\n    at http://localhost:36085/__cypress/runner/cypress_runner.js:71499:22\n    at tryCatcher (http://localhost:36085/__cypress/runner/cypress_runner.js:120203:23)\n    at Promise._settlePromiseFromHandler (http://localhost:36085/__cypress/runner/cypress_runner.js:118139:31)\n    at Promise._settlePromise (http://localhost:36085/__cypress/runner/cypress_runner.js:118196:18)\n    at Promise._settlePromise0 (http://localhost:36085/__cypress/runner/cypress_runner.js:118241:10)\n    at Promise._settlePromises (http://localhost:36085/__cypress/runner/cypress_runner.js:118316:18)\n    at Async../node_modules/bluebird/js/release/async.js.Async._drainQueue (http://localhost:36085/__cypress/runner/cypress_runner.js:114928:16)\n    at Async../node_modules/bluebird/js/release/async.js.Async._drainQueues (http://localhost:36085/__cypress/runner/cypress_runner.js:114938:10)\n    at Async.drainQueues (http://localhost:36085/__cypress/runner/cypress_runner.js:114812:14)",
                "diff": null
              },
              "uuid": "b39eae69-ef9f-497c-982e-bae32f521828",
              "parentUUID": "dffd35a9-038c-42e6-a1f3-8c0410267236",
              "isHook": false,
              "skipped": false
            }
          ],
          "suites": [],
          "passes": [],
          "failures": [
            "c95420f5-f628-4fec-a2d6-92ebf72fd956",
            "b39eae69-ef9f-497c-982e-bae32f521828"
          ],
          "pending": [],
          "skipped": [],
          "duration": 1626,
          "root": false,
          "rootEmpty": false,
          "_timeout": 2000
        }
      ],
      "passes": [],
      "failures": [],
      "pending": [],
      "skipped": [],
      "duration": 0,
      "root": true,
      "rootEmpty": true,
      "_timeout": 2000
    }
  ],
  "meta": {
    "mocha": {
      "version": "8.2.1"
    },
    "mochawesome": {
      "options": {
        "quiet": false,
        "reportFilename": "mochawesome",
        "saveHtml": false,
        "saveJson": true,
        "consoleReporter": "spec",
        "useInlineDiffs": false,
        "code": true
      },
      "version": "6.2.1"
    },
    "marge": {
      "options": {
        "id": "default",
        "reportDir": "cypress/reports",
        "overwrite": false,
        "html": false,
        "json": true
      },
      "version": "5.1.0"
    }
  }
}