{
  "stats": {
    "suites": 4,
    "tests": 20,
    "passes": 7,
    "pending": 0,
    "failures": 13,
    "start": "2021-07-30T22:04:11.400Z",
    "end": "2021-07-30T22:06:42.136Z",
    "duration": 150736,
    "testsRegistered": 20,
    "passPercent": 35,
    "pendingPercent": 0,
    "other": 0,
    "hasOther": false,
    "skipped": 0,
    "hasSkipped": false
  },
  "results": [
    {
      "uuid": "1f54554d-a1d1-43f6-8881-2e2302f08f46",
      "title": "",
      "fullFile": "cypress/integration/header_spec.js",
      "file": "cypress/integration/header_spec.js",
      "beforeHooks": [],
      "afterHooks": [],
      "tests": [],
      "suites": [
        {
          "uuid": "972fa9ed-2524-4e04-bc7b-dd1d3bd84eac",
          "title": "9 - Implemente os elementos do header na tela principal de receitas, respeitando os atributos descritos no protótipo",
          "fullFile": "",
          "file": "",
          "beforeHooks": [],
          "afterHooks": [],
          "tests": [
            {
              "title": "Tem os data-testids profile-top-btn, page-title e search-top-btn",
              "fullTitle": "9 - Implemente os elementos do header na tela principal de receitas, respeitando os atributos descritos no protótipo Tem os data-testids profile-top-btn, page-title e search-top-btn",
              "timedOut": null,
              "duration": 2772,
              "state": "passed",
              "speed": "slow",
              "pass": true,
              "fail": false,
              "pending": false,
              "context": null,
              "code": "cy.visit('http://localhost:3000/comidas');\ncy.get('[data-testid=\"profile-top-btn\"]');\ncy.get('[data-testid=\"page-title\"]');\ncy.get('[data-testid=\"search-top-btn\"]');",
              "err": {},
              "uuid": "4fa91a5b-d069-4a42-992e-4aa0c32218f9",
              "parentUUID": "972fa9ed-2524-4e04-bc7b-dd1d3bd84eac",
              "isHook": false,
              "skipped": false
            }
          ],
          "suites": [],
          "passes": [
            "4fa91a5b-d069-4a42-992e-4aa0c32218f9"
          ],
          "failures": [],
          "pending": [],
          "skipped": [],
          "duration": 2772,
          "root": false,
          "rootEmpty": false,
          "_timeout": 2000
        },
        {
          "uuid": "23754d07-d091-4ae9-beae-21f8f909bcde",
          "title": "10 - Implemente um ícone para a tela de perfil, um título e um ícone para a busca, caso exista no protótipo",
          "fullFile": "",
          "file": "",
          "beforeHooks": [],
          "afterHooks": [],
          "tests": [
            {
              "title": "Não tem header na tela de login",
              "fullTitle": "10 - Implemente um ícone para a tela de perfil, um título e um ícone para a busca, caso exista no protótipo Não tem header na tela de login",
              "timedOut": null,
              "duration": 587,
              "state": "passed",
              "speed": "slow",
              "pass": true,
              "fail": false,
              "pending": false,
              "context": null,
              "code": "cy.visit('http://localhost:3000/');\nhasNoHeader();",
              "err": {},
              "uuid": "cd5c2482-a5ea-4300-a57c-423f01223e7e",
              "parentUUID": "23754d07-d091-4ae9-beae-21f8f909bcde",
              "isHook": false,
              "skipped": false
            },
            {
              "title": "O header tem os ícones corretos na tela de principal de receitas de comidas",
              "fullTitle": "10 - Implemente um ícone para a tela de perfil, um título e um ícone para a busca, caso exista no protótipo O header tem os ícones corretos na tela de principal de receitas de comidas",
              "timedOut": null,
              "duration": 774,
              "state": "passed",
              "speed": "slow",
              "pass": true,
              "fail": false,
              "pending": false,
              "context": null,
              "code": "cy.visit('http://localhost:3000/comidas');\nhasHeader('Comidas');",
              "err": {},
              "uuid": "52b74e2b-4ec7-4b80-a4a4-995b955de22f",
              "parentUUID": "23754d07-d091-4ae9-beae-21f8f909bcde",
              "isHook": false,
              "skipped": false
            },
            {
              "title": "O header tem os ícones corretos na tela de principal de receitas de bebidas",
              "fullTitle": "10 - Implemente um ícone para a tela de perfil, um título e um ícone para a busca, caso exista no protótipo O header tem os ícones corretos na tela de principal de receitas de bebidas",
              "timedOut": null,
              "duration": 10788,
              "state": "failed",
              "speed": null,
              "pass": false,
              "fail": true,
              "pending": false,
              "context": null,
              "code": "cy.visit('http://localhost:3000/bebidas');\nhasHeader('Bebidas');",
              "err": {
                "message": "CypressError: Timed out retrying: Expected to find content: 'Bebidas' within the element: <title> but never did.",
                "estack": "CypressError: Timed out retrying: Expected to find content: 'Bebidas' within the element: <title> but never did.\n    at Object.cypressErr (http://localhost:3000/__cypress/runner/cypress_runner.js:86207:11)\n    at Object.throwErr (http://localhost:3000/__cypress/runner/cypress_runner.js:86162:18)\n    at Object.throwErrByPath (http://localhost:3000/__cypress/runner/cypress_runner.js:86194:17)\n    at retry (http://localhost:3000/__cypress/runner/cypress_runner.js:76849:16)\n    at onFailFn (http://localhost:3000/__cypress/runner/cypress_runner.js:65634:16)\n    at tryCatcher (http://localhost:3000/__cypress/runner/cypress_runner.js:120203:23)\n    at Promise._settlePromiseFromHandler (http://localhost:3000/__cypress/runner/cypress_runner.js:118139:31)\n    at Promise._settlePromise (http://localhost:3000/__cypress/runner/cypress_runner.js:118196:18)\n    at Promise._settlePromise0 (http://localhost:3000/__cypress/runner/cypress_runner.js:118241:10)\n    at Promise._settlePromises (http://localhost:3000/__cypress/runner/cypress_runner.js:118316:18)\n    at Async../node_modules/bluebird/js/release/async.js.Async._drainQueue (http://localhost:3000/__cypress/runner/cypress_runner.js:114928:16)\n    at Async../node_modules/bluebird/js/release/async.js.Async._drainQueues (http://localhost:3000/__cypress/runner/cypress_runner.js:114938:10)\n    at Async.drainQueues (http://localhost:3000/__cypress/runner/cypress_runner.js:114812:14)",
                "diff": null
              },
              "uuid": "044658ab-19ee-4c3f-8df9-e396536c1870",
              "parentUUID": "23754d07-d091-4ae9-beae-21f8f909bcde",
              "isHook": false,
              "skipped": false
            },
            {
              "title": "Não tem header na tela de detalhes de uma receita de comida",
              "fullTitle": "10 - Implemente um ícone para a tela de perfil, um título e um ícone para a busca, caso exista no protótipo Não tem header na tela de detalhes de uma receita de comida",
              "timedOut": null,
              "duration": 468,
              "state": "passed",
              "speed": "slow",
              "pass": true,
              "fail": false,
              "pending": false,
              "context": null,
              "code": "cy.visit('http://localhost:3000/comidas/52771');\nhasNoHeader();",
              "err": {},
              "uuid": "972bdb48-b631-45be-8c88-d214d0e9222f",
              "parentUUID": "23754d07-d091-4ae9-beae-21f8f909bcde",
              "isHook": false,
              "skipped": false
            },
            {
              "title": "Não tem header na tela de detalhes de uma receita de bebida",
              "fullTitle": "10 - Implemente um ícone para a tela de perfil, um título e um ícone para a busca, caso exista no protótipo Não tem header na tela de detalhes de uma receita de bebida",
              "timedOut": null,
              "duration": 331,
              "state": "passed",
              "speed": "slow",
              "pass": true,
              "fail": false,
              "pending": false,
              "context": null,
              "code": "cy.visit('http://localhost:3000/bebidas/178319');\nhasNoHeader();",
              "err": {},
              "uuid": "c2cd5499-651e-4dd1-b883-22958c548a6a",
              "parentUUID": "23754d07-d091-4ae9-beae-21f8f909bcde",
              "isHook": false,
              "skipped": false
            },
            {
              "title": "Não tem header na tela de receita em processo de comida",
              "fullTitle": "10 - Implemente um ícone para a tela de perfil, um título e um ícone para a busca, caso exista no protótipo Não tem header na tela de receita em processo de comida",
              "timedOut": null,
              "duration": 369,
              "state": "passed",
              "speed": "slow",
              "pass": true,
              "fail": false,
              "pending": false,
              "context": null,
              "code": "cy.visit('http://localhost:3000/comidas/52771/in-progress');\nhasNoHeader();",
              "err": {},
              "uuid": "fbaa7233-f3ca-4921-b261-e7735ebd563f",
              "parentUUID": "23754d07-d091-4ae9-beae-21f8f909bcde",
              "isHook": false,
              "skipped": false
            },
            {
              "title": "Não tem header na tela de receita em processo de bebida",
              "fullTitle": "10 - Implemente um ícone para a tela de perfil, um título e um ícone para a busca, caso exista no protótipo Não tem header na tela de receita em processo de bebida",
              "timedOut": null,
              "duration": 507,
              "state": "passed",
              "speed": "slow",
              "pass": true,
              "fail": false,
              "pending": false,
              "context": null,
              "code": "cy.visit('http://localhost:3000/bebidas/178319/in-progress');\nhasNoHeader();",
              "err": {},
              "uuid": "6120896f-241d-43dc-bd1c-39fecb8c1341",
              "parentUUID": "23754d07-d091-4ae9-beae-21f8f909bcde",
              "isHook": false,
              "skipped": false
            },
            {
              "title": "O header tem os ícones corretos na tela de explorar",
              "fullTitle": "10 - Implemente um ícone para a tela de perfil, um título e um ícone para a busca, caso exista no protótipo O header tem os ícones corretos na tela de explorar",
              "timedOut": null,
              "duration": 11013,
              "state": "failed",
              "speed": null,
              "pass": false,
              "fail": true,
              "pending": false,
              "context": null,
              "code": "cy.visit('http://localhost:3000/explorar');\nhasHeader('Explorar', false);",
              "err": {
                "message": "CypressError: Timed out retrying: Expected to find content: 'Explorar' within the element: <title> but never did.",
                "estack": "CypressError: Timed out retrying: Expected to find content: 'Explorar' within the element: <title> but never did.\n    at Object.cypressErr (http://localhost:3000/__cypress/runner/cypress_runner.js:86207:11)\n    at Object.throwErr (http://localhost:3000/__cypress/runner/cypress_runner.js:86162:18)\n    at Object.throwErrByPath (http://localhost:3000/__cypress/runner/cypress_runner.js:86194:17)\n    at retry (http://localhost:3000/__cypress/runner/cypress_runner.js:76849:16)\n    at onFailFn (http://localhost:3000/__cypress/runner/cypress_runner.js:65634:16)\n    at tryCatcher (http://localhost:3000/__cypress/runner/cypress_runner.js:120203:23)\n    at Promise._settlePromiseFromHandler (http://localhost:3000/__cypress/runner/cypress_runner.js:118139:31)\n    at Promise._settlePromise (http://localhost:3000/__cypress/runner/cypress_runner.js:118196:18)\n    at Promise._settlePromise0 (http://localhost:3000/__cypress/runner/cypress_runner.js:118241:10)\n    at Promise._settlePromises (http://localhost:3000/__cypress/runner/cypress_runner.js:118316:18)\n    at Async../node_modules/bluebird/js/release/async.js.Async._drainQueue (http://localhost:3000/__cypress/runner/cypress_runner.js:114928:16)\n    at Async../node_modules/bluebird/js/release/async.js.Async._drainQueues (http://localhost:3000/__cypress/runner/cypress_runner.js:114938:10)\n    at Async.drainQueues (http://localhost:3000/__cypress/runner/cypress_runner.js:114812:14)",
                "diff": null
              },
              "uuid": "c466f2b1-4783-40a2-9fc7-017832a7b812",
              "parentUUID": "23754d07-d091-4ae9-beae-21f8f909bcde",
              "isHook": false,
              "skipped": false
            },
            {
              "title": "O header tem os ícones corretos na tela de explorar comidas",
              "fullTitle": "10 - Implemente um ícone para a tela de perfil, um título e um ícone para a busca, caso exista no protótipo O header tem os ícones corretos na tela de explorar comidas",
              "timedOut": null,
              "duration": 10785,
              "state": "failed",
              "speed": null,
              "pass": false,
              "fail": true,
              "pending": false,
              "context": null,
              "code": "cy.visit('http://localhost:3000/explorar/comidas');\nhasHeader('Explorar Comidas', false);",
              "err": {
                "message": "CypressError: Timed out retrying: Expected to find content: 'Explorar Comidas' within the element: <title> but never did.",
                "estack": "CypressError: Timed out retrying: Expected to find content: 'Explorar Comidas' within the element: <title> but never did.\n    at Object.cypressErr (http://localhost:3000/__cypress/runner/cypress_runner.js:86207:11)\n    at Object.throwErr (http://localhost:3000/__cypress/runner/cypress_runner.js:86162:18)\n    at Object.throwErrByPath (http://localhost:3000/__cypress/runner/cypress_runner.js:86194:17)\n    at retry (http://localhost:3000/__cypress/runner/cypress_runner.js:76849:16)\n    at onFailFn (http://localhost:3000/__cypress/runner/cypress_runner.js:65634:16)\n    at tryCatcher (http://localhost:3000/__cypress/runner/cypress_runner.js:120203:23)\n    at Promise._settlePromiseFromHandler (http://localhost:3000/__cypress/runner/cypress_runner.js:118139:31)\n    at Promise._settlePromise (http://localhost:3000/__cypress/runner/cypress_runner.js:118196:18)\n    at Promise._settlePromise0 (http://localhost:3000/__cypress/runner/cypress_runner.js:118241:10)\n    at Promise._settlePromises (http://localhost:3000/__cypress/runner/cypress_runner.js:118316:18)\n    at Async../node_modules/bluebird/js/release/async.js.Async._drainQueue (http://localhost:3000/__cypress/runner/cypress_runner.js:114928:16)\n    at Async../node_modules/bluebird/js/release/async.js.Async._drainQueues (http://localhost:3000/__cypress/runner/cypress_runner.js:114938:10)\n    at Async.drainQueues (http://localhost:3000/__cypress/runner/cypress_runner.js:114812:14)",
                "diff": null
              },
              "uuid": "a548c555-453d-4952-892e-c91939242541",
              "parentUUID": "23754d07-d091-4ae9-beae-21f8f909bcde",
              "isHook": false,
              "skipped": false
            },
            {
              "title": "O header tem os ícones corretos na tela de explorar bebidas",
              "fullTitle": "10 - Implemente um ícone para a tela de perfil, um título e um ícone para a busca, caso exista no protótipo O header tem os ícones corretos na tela de explorar bebidas",
              "timedOut": null,
              "duration": 10801,
              "state": "failed",
              "speed": null,
              "pass": false,
              "fail": true,
              "pending": false,
              "context": null,
              "code": "cy.visit('http://localhost:3000/explorar/bebidas');\nhasHeader('Explorar Bebidas', false);",
              "err": {
                "message": "CypressError: Timed out retrying: Expected to find content: 'Explorar Bebidas' within the element: <title> but never did.",
                "estack": "CypressError: Timed out retrying: Expected to find content: 'Explorar Bebidas' within the element: <title> but never did.\n    at Object.cypressErr (http://localhost:3000/__cypress/runner/cypress_runner.js:86207:11)\n    at Object.throwErr (http://localhost:3000/__cypress/runner/cypress_runner.js:86162:18)\n    at Object.throwErrByPath (http://localhost:3000/__cypress/runner/cypress_runner.js:86194:17)\n    at retry (http://localhost:3000/__cypress/runner/cypress_runner.js:76849:16)\n    at onFailFn (http://localhost:3000/__cypress/runner/cypress_runner.js:65634:16)\n    at tryCatcher (http://localhost:3000/__cypress/runner/cypress_runner.js:120203:23)\n    at Promise._settlePromiseFromHandler (http://localhost:3000/__cypress/runner/cypress_runner.js:118139:31)\n    at Promise._settlePromise (http://localhost:3000/__cypress/runner/cypress_runner.js:118196:18)\n    at Promise._settlePromise0 (http://localhost:3000/__cypress/runner/cypress_runner.js:118241:10)\n    at Promise._settlePromises (http://localhost:3000/__cypress/runner/cypress_runner.js:118316:18)\n    at Async../node_modules/bluebird/js/release/async.js.Async._drainQueue (http://localhost:3000/__cypress/runner/cypress_runner.js:114928:16)\n    at Async../node_modules/bluebird/js/release/async.js.Async._drainQueues (http://localhost:3000/__cypress/runner/cypress_runner.js:114938:10)\n    at Async.drainQueues (http://localhost:3000/__cypress/runner/cypress_runner.js:114812:14)",
                "diff": null
              },
              "uuid": "a65a6067-d0a6-41b0-b3bf-7fafceb7b9f3",
              "parentUUID": "23754d07-d091-4ae9-beae-21f8f909bcde",
              "isHook": false,
              "skipped": false
            },
            {
              "title": "O header tem os ícones corretos na tela de explorar comidas por ingrediente",
              "fullTitle": "10 - Implemente um ícone para a tela de perfil, um título e um ícone para a busca, caso exista no protótipo O header tem os ícones corretos na tela de explorar comidas por ingrediente",
              "timedOut": null,
              "duration": 10784,
              "state": "failed",
              "speed": null,
              "pass": false,
              "fail": true,
              "pending": false,
              "context": null,
              "code": "cy.visit('http://localhost:3000/explorar/comidas/ingredientes');\nhasHeader('Explorar Ingredientes', false);",
              "err": {
                "message": "CypressError: Timed out retrying: Expected to find content: 'Explorar Ingredientes' within the element: <title> but never did.",
                "estack": "CypressError: Timed out retrying: Expected to find content: 'Explorar Ingredientes' within the element: <title> but never did.\n    at Object.cypressErr (http://localhost:3000/__cypress/runner/cypress_runner.js:86207:11)\n    at Object.throwErr (http://localhost:3000/__cypress/runner/cypress_runner.js:86162:18)\n    at Object.throwErrByPath (http://localhost:3000/__cypress/runner/cypress_runner.js:86194:17)\n    at retry (http://localhost:3000/__cypress/runner/cypress_runner.js:76849:16)\n    at onFailFn (http://localhost:3000/__cypress/runner/cypress_runner.js:65634:16)\n    at tryCatcher (http://localhost:3000/__cypress/runner/cypress_runner.js:120203:23)\n    at Promise._settlePromiseFromHandler (http://localhost:3000/__cypress/runner/cypress_runner.js:118139:31)\n    at Promise._settlePromise (http://localhost:3000/__cypress/runner/cypress_runner.js:118196:18)\n    at Promise._settlePromise0 (http://localhost:3000/__cypress/runner/cypress_runner.js:118241:10)\n    at Promise._settlePromises (http://localhost:3000/__cypress/runner/cypress_runner.js:118316:18)\n    at Async../node_modules/bluebird/js/release/async.js.Async._drainQueue (http://localhost:3000/__cypress/runner/cypress_runner.js:114928:16)\n    at Async../node_modules/bluebird/js/release/async.js.Async._drainQueues (http://localhost:3000/__cypress/runner/cypress_runner.js:114938:10)\n    at Async.drainQueues (http://localhost:3000/__cypress/runner/cypress_runner.js:114812:14)",
                "diff": null
              },
              "uuid": "5453f382-907c-4902-9223-488204cc41d2",
              "parentUUID": "23754d07-d091-4ae9-beae-21f8f909bcde",
              "isHook": false,
              "skipped": false
            },
            {
              "title": "O header tem os ícones corretos na tela de explorar bebidas por ingrediente",
              "fullTitle": "10 - Implemente um ícone para a tela de perfil, um título e um ícone para a busca, caso exista no protótipo O header tem os ícones corretos na tela de explorar bebidas por ingrediente",
              "timedOut": null,
              "duration": 11013,
              "state": "failed",
              "speed": null,
              "pass": false,
              "fail": true,
              "pending": false,
              "context": null,
              "code": "cy.visit('http://localhost:3000/explorar/bebidas/ingredientes');\nhasHeader('Explorar Ingredientes', false);",
              "err": {
                "message": "CypressError: Timed out retrying: Expected to find content: 'Explorar Ingredientes' within the element: <title> but never did.",
                "estack": "CypressError: Timed out retrying: Expected to find content: 'Explorar Ingredientes' within the element: <title> but never did.\n    at Object.cypressErr (http://localhost:3000/__cypress/runner/cypress_runner.js:86207:11)\n    at Object.throwErr (http://localhost:3000/__cypress/runner/cypress_runner.js:86162:18)\n    at Object.throwErrByPath (http://localhost:3000/__cypress/runner/cypress_runner.js:86194:17)\n    at retry (http://localhost:3000/__cypress/runner/cypress_runner.js:76849:16)\n    at onFailFn (http://localhost:3000/__cypress/runner/cypress_runner.js:65634:16)\n    at tryCatcher (http://localhost:3000/__cypress/runner/cypress_runner.js:120203:23)\n    at Promise._settlePromiseFromHandler (http://localhost:3000/__cypress/runner/cypress_runner.js:118139:31)\n    at Promise._settlePromise (http://localhost:3000/__cypress/runner/cypress_runner.js:118196:18)\n    at Promise._settlePromise0 (http://localhost:3000/__cypress/runner/cypress_runner.js:118241:10)\n    at Promise._settlePromises (http://localhost:3000/__cypress/runner/cypress_runner.js:118316:18)\n    at Async../node_modules/bluebird/js/release/async.js.Async._drainQueue (http://localhost:3000/__cypress/runner/cypress_runner.js:114928:16)\n    at Async../node_modules/bluebird/js/release/async.js.Async._drainQueues (http://localhost:3000/__cypress/runner/cypress_runner.js:114938:10)\n    at Async.drainQueues (http://localhost:3000/__cypress/runner/cypress_runner.js:114812:14)",
                "diff": null
              },
              "uuid": "9c88aed5-3c7f-4131-8204-b98e8309bccc",
              "parentUUID": "23754d07-d091-4ae9-beae-21f8f909bcde",
              "isHook": false,
              "skipped": false
            },
            {
              "title": "O header tem os ícones corretos na tela de explorar comidas por local de origem",
              "fullTitle": "10 - Implemente um ícone para a tela de perfil, um título e um ícone para a busca, caso exista no protótipo O header tem os ícones corretos na tela de explorar comidas por local de origem",
              "timedOut": null,
              "duration": 10810,
              "state": "failed",
              "speed": null,
              "pass": false,
              "fail": true,
              "pending": false,
              "context": null,
              "code": "cy.visit('http://localhost:3000/explorar/comidas/area');\nhasHeader('Explorar Origem');",
              "err": {
                "message": "CypressError: Timed out retrying: Expected to find content: 'Explorar Origem' within the element: <title> but never did.",
                "estack": "CypressError: Timed out retrying: Expected to find content: 'Explorar Origem' within the element: <title> but never did.\n    at Object.cypressErr (http://localhost:3000/__cypress/runner/cypress_runner.js:86207:11)\n    at Object.throwErr (http://localhost:3000/__cypress/runner/cypress_runner.js:86162:18)\n    at Object.throwErrByPath (http://localhost:3000/__cypress/runner/cypress_runner.js:86194:17)\n    at retry (http://localhost:3000/__cypress/runner/cypress_runner.js:76849:16)\n    at onFailFn (http://localhost:3000/__cypress/runner/cypress_runner.js:65634:16)\n    at tryCatcher (http://localhost:3000/__cypress/runner/cypress_runner.js:120203:23)\n    at Promise._settlePromiseFromHandler (http://localhost:3000/__cypress/runner/cypress_runner.js:118139:31)\n    at Promise._settlePromise (http://localhost:3000/__cypress/runner/cypress_runner.js:118196:18)\n    at Promise._settlePromise0 (http://localhost:3000/__cypress/runner/cypress_runner.js:118241:10)\n    at Promise._settlePromises (http://localhost:3000/__cypress/runner/cypress_runner.js:118316:18)\n    at Async../node_modules/bluebird/js/release/async.js.Async._drainQueue (http://localhost:3000/__cypress/runner/cypress_runner.js:114928:16)\n    at Async../node_modules/bluebird/js/release/async.js.Async._drainQueues (http://localhost:3000/__cypress/runner/cypress_runner.js:114938:10)\n    at Async.drainQueues (http://localhost:3000/__cypress/runner/cypress_runner.js:114812:14)",
                "diff": null
              },
              "uuid": "fc838268-85c4-47b8-863f-1e68a62515f3",
              "parentUUID": "23754d07-d091-4ae9-beae-21f8f909bcde",
              "isHook": false,
              "skipped": false
            },
            {
              "title": "O header tem os ícones corretos na tela de perfil",
              "fullTitle": "10 - Implemente um ícone para a tela de perfil, um título e um ícone para a busca, caso exista no protótipo O header tem os ícones corretos na tela de perfil",
              "timedOut": null,
              "duration": 10920,
              "state": "failed",
              "speed": null,
              "pass": false,
              "fail": true,
              "pending": false,
              "context": null,
              "code": "cy.visit('http://localhost:3000/perfil');\nhasHeader('Perfil', false);",
              "err": {
                "message": "CypressError: Timed out retrying: Expected to find content: 'Perfil' within the element: <title> but never did.",
                "estack": "CypressError: Timed out retrying: Expected to find content: 'Perfil' within the element: <title> but never did.\n    at Object.cypressErr (http://localhost:3000/__cypress/runner/cypress_runner.js:86207:11)\n    at Object.throwErr (http://localhost:3000/__cypress/runner/cypress_runner.js:86162:18)\n    at Object.throwErrByPath (http://localhost:3000/__cypress/runner/cypress_runner.js:86194:17)\n    at retry (http://localhost:3000/__cypress/runner/cypress_runner.js:76849:16)\n    at onFailFn (http://localhost:3000/__cypress/runner/cypress_runner.js:65634:16)\n    at tryCatcher (http://localhost:3000/__cypress/runner/cypress_runner.js:120203:23)\n    at Promise._settlePromiseFromHandler (http://localhost:3000/__cypress/runner/cypress_runner.js:118139:31)\n    at Promise._settlePromise (http://localhost:3000/__cypress/runner/cypress_runner.js:118196:18)\n    at Promise._settlePromise0 (http://localhost:3000/__cypress/runner/cypress_runner.js:118241:10)\n    at Promise._settlePromises (http://localhost:3000/__cypress/runner/cypress_runner.js:118316:18)\n    at Async../node_modules/bluebird/js/release/async.js.Async._drainQueue (http://localhost:3000/__cypress/runner/cypress_runner.js:114928:16)\n    at Async../node_modules/bluebird/js/release/async.js.Async._drainQueues (http://localhost:3000/__cypress/runner/cypress_runner.js:114938:10)\n    at Async.drainQueues (http://localhost:3000/__cypress/runner/cypress_runner.js:114812:14)",
                "diff": null
              },
              "uuid": "3cba79c6-4746-45d6-a897-2766009fbb7e",
              "parentUUID": "23754d07-d091-4ae9-beae-21f8f909bcde",
              "isHook": false,
              "skipped": false
            },
            {
              "title": "O header tem os ícones corretos na tela de receitas feitas",
              "fullTitle": "10 - Implemente um ícone para a tela de perfil, um título e um ícone para a busca, caso exista no protótipo O header tem os ícones corretos na tela de receitas feitas",
              "timedOut": null,
              "duration": 10920,
              "state": "failed",
              "speed": null,
              "pass": false,
              "fail": true,
              "pending": false,
              "context": null,
              "code": "cy.visit('http://localhost:3000/receitas-feitas');\nhasHeader('Receitas Feitas', false);",
              "err": {
                "message": "CypressError: Timed out retrying: Expected to find content: 'Receitas Feitas' within the element: <title> but never did.",
                "estack": "CypressError: Timed out retrying: Expected to find content: 'Receitas Feitas' within the element: <title> but never did.\n    at Object.cypressErr (http://localhost:3000/__cypress/runner/cypress_runner.js:86207:11)\n    at Object.throwErr (http://localhost:3000/__cypress/runner/cypress_runner.js:86162:18)\n    at Object.throwErrByPath (http://localhost:3000/__cypress/runner/cypress_runner.js:86194:17)\n    at retry (http://localhost:3000/__cypress/runner/cypress_runner.js:76849:16)\n    at onFailFn (http://localhost:3000/__cypress/runner/cypress_runner.js:65634:16)\n    at tryCatcher (http://localhost:3000/__cypress/runner/cypress_runner.js:120203:23)\n    at Promise._settlePromiseFromHandler (http://localhost:3000/__cypress/runner/cypress_runner.js:118139:31)\n    at Promise._settlePromise (http://localhost:3000/__cypress/runner/cypress_runner.js:118196:18)\n    at Promise._settlePromise0 (http://localhost:3000/__cypress/runner/cypress_runner.js:118241:10)\n    at Promise._settlePromises (http://localhost:3000/__cypress/runner/cypress_runner.js:118316:18)\n    at Async../node_modules/bluebird/js/release/async.js.Async._drainQueue (http://localhost:3000/__cypress/runner/cypress_runner.js:114928:16)\n    at Async../node_modules/bluebird/js/release/async.js.Async._drainQueues (http://localhost:3000/__cypress/runner/cypress_runner.js:114938:10)\n    at Async.drainQueues (http://localhost:3000/__cypress/runner/cypress_runner.js:114812:14)",
                "diff": null
              },
              "uuid": "1ec47320-08cf-4e68-9182-1548e2c1301d",
              "parentUUID": "23754d07-d091-4ae9-beae-21f8f909bcde",
              "isHook": false,
              "skipped": false
            },
            {
              "title": "O header tem os ícones corretos na tela de receitas favoritas",
              "fullTitle": "10 - Implemente um ícone para a tela de perfil, um título e um ícone para a busca, caso exista no protótipo O header tem os ícones corretos na tela de receitas favoritas",
              "timedOut": null,
              "duration": 10841,
              "state": "failed",
              "speed": null,
              "pass": false,
              "fail": true,
              "pending": false,
              "context": null,
              "code": "cy.visit('http://localhost:3000/receitas-favoritas');\nhasHeader('Receitas Favoritas', false);",
              "err": {
                "message": "CypressError: Timed out retrying: Expected to find content: 'Receitas Favoritas' within the element: <title> but never did.",
                "estack": "CypressError: Timed out retrying: Expected to find content: 'Receitas Favoritas' within the element: <title> but never did.\n    at Object.cypressErr (http://localhost:3000/__cypress/runner/cypress_runner.js:86207:11)\n    at Object.throwErr (http://localhost:3000/__cypress/runner/cypress_runner.js:86162:18)\n    at Object.throwErrByPath (http://localhost:3000/__cypress/runner/cypress_runner.js:86194:17)\n    at retry (http://localhost:3000/__cypress/runner/cypress_runner.js:76849:16)\n    at onFailFn (http://localhost:3000/__cypress/runner/cypress_runner.js:65634:16)\n    at tryCatcher (http://localhost:3000/__cypress/runner/cypress_runner.js:120203:23)\n    at Promise._settlePromiseFromHandler (http://localhost:3000/__cypress/runner/cypress_runner.js:118139:31)\n    at Promise._settlePromise (http://localhost:3000/__cypress/runner/cypress_runner.js:118196:18)\n    at Promise._settlePromise0 (http://localhost:3000/__cypress/runner/cypress_runner.js:118241:10)\n    at Promise._settlePromises (http://localhost:3000/__cypress/runner/cypress_runner.js:118316:18)\n    at Async../node_modules/bluebird/js/release/async.js.Async._drainQueue (http://localhost:3000/__cypress/runner/cypress_runner.js:114928:16)\n    at Async../node_modules/bluebird/js/release/async.js.Async._drainQueues (http://localhost:3000/__cypress/runner/cypress_runner.js:114938:10)\n    at Async.drainQueues (http://localhost:3000/__cypress/runner/cypress_runner.js:114812:14)",
                "diff": null
              },
              "uuid": "36cbd5ce-d29c-4ac8-8416-3c9d7e3cda10",
              "parentUUID": "23754d07-d091-4ae9-beae-21f8f909bcde",
              "isHook": false,
              "skipped": false
            }
          ],
          "suites": [],
          "passes": [
            "cd5c2482-a5ea-4300-a57c-423f01223e7e",
            "52b74e2b-4ec7-4b80-a4a4-995b955de22f",
            "972bdb48-b631-45be-8c88-d214d0e9222f",
            "c2cd5499-651e-4dd1-b883-22958c548a6a",
            "fbaa7233-f3ca-4921-b261-e7735ebd563f",
            "6120896f-241d-43dc-bd1c-39fecb8c1341"
          ],
          "failures": [
            "044658ab-19ee-4c3f-8df9-e396536c1870",
            "c466f2b1-4783-40a2-9fc7-017832a7b812",
            "a548c555-453d-4952-892e-c91939242541",
            "a65a6067-d0a6-41b0-b3bf-7fafceb7b9f3",
            "5453f382-907c-4902-9223-488204cc41d2",
            "9c88aed5-3c7f-4131-8204-b98e8309bccc",
            "fc838268-85c4-47b8-863f-1e68a62515f3",
            "3cba79c6-4746-45d6-a897-2766009fbb7e",
            "1ec47320-08cf-4e68-9182-1548e2c1301d",
            "36cbd5ce-d29c-4ac8-8416-3c9d7e3cda10"
          ],
          "pending": [],
          "skipped": [],
          "duration": 111711,
          "root": false,
          "rootEmpty": false,
          "_timeout": 2000
        },
        {
          "uuid": "d2098cbb-8dd2-498a-9a3f-8c6e1b298363",
          "title": "11 - Redirecione a pessoa usuária para a tela de perfil ao clicar no botão de perfil",
          "fullFile": "",
          "file": "",
          "beforeHooks": [],
          "afterHooks": [],
          "tests": [
            {
              "title": "A mudança de tela ocorre corretamente",
              "fullTitle": "11 - Redirecione a pessoa usuária para a tela de perfil ao clicar no botão de perfil A mudança de tela ocorre corretamente",
              "timedOut": null,
              "duration": 11058,
              "state": "failed",
              "speed": null,
              "pass": false,
              "fail": true,
              "pending": false,
              "context": null,
              "code": "cy.visit('http://localhost:3000/comidas');\ncy.get('[data-testid=\"page-title\"]').contains('Comidas');\ncy.get('[data-testid=\"profile-top-btn\"]').click();\ncy.get('[data-testid=\"page-title\"]').contains('Perfil');",
              "err": {
                "message": "CypressError: Timed out retrying: Expected to find content: 'Perfil' within the element: <title> but never did.",
                "estack": "CypressError: Timed out retrying: Expected to find content: 'Perfil' within the element: <title> but never did.\n    at Object.cypressErr (http://localhost:3000/__cypress/runner/cypress_runner.js:86207:11)\n    at Object.throwErr (http://localhost:3000/__cypress/runner/cypress_runner.js:86162:18)\n    at Object.throwErrByPath (http://localhost:3000/__cypress/runner/cypress_runner.js:86194:17)\n    at retry (http://localhost:3000/__cypress/runner/cypress_runner.js:76849:16)\n    at onFailFn (http://localhost:3000/__cypress/runner/cypress_runner.js:65634:16)\n    at tryCatcher (http://localhost:3000/__cypress/runner/cypress_runner.js:120203:23)\n    at Promise._settlePromiseFromHandler (http://localhost:3000/__cypress/runner/cypress_runner.js:118139:31)\n    at Promise._settlePromise (http://localhost:3000/__cypress/runner/cypress_runner.js:118196:18)\n    at Promise._settlePromise0 (http://localhost:3000/__cypress/runner/cypress_runner.js:118241:10)\n    at Promise._settlePromises (http://localhost:3000/__cypress/runner/cypress_runner.js:118316:18)\n    at Async../node_modules/bluebird/js/release/async.js.Async._drainQueue (http://localhost:3000/__cypress/runner/cypress_runner.js:114928:16)\n    at Async../node_modules/bluebird/js/release/async.js.Async._drainQueues (http://localhost:3000/__cypress/runner/cypress_runner.js:114938:10)\n    at Async.drainQueues (http://localhost:3000/__cypress/runner/cypress_runner.js:114812:14)",
                "diff": null
              },
              "uuid": "0f2852f8-5572-4ca5-bfec-a0acc96d56f6",
              "parentUUID": "d2098cbb-8dd2-498a-9a3f-8c6e1b298363",
              "isHook": false,
              "skipped": false
            }
          ],
          "suites": [],
          "passes": [],
          "failures": [
            "0f2852f8-5572-4ca5-bfec-a0acc96d56f6"
          ],
          "pending": [],
          "skipped": [],
          "duration": 11058,
          "root": false,
          "rootEmpty": false,
          "_timeout": 2000
        },
        {
          "uuid": "697ae74f-25b9-4382-a36f-c2c2ddacc91c",
          "title": "12 - Desenvolva o botão de busca que, ao ser clicado, a barra de busca deve aparecer. O mesmo serve para escondê-la",
          "fullFile": "",
          "file": "",
          "beforeHooks": [],
          "afterHooks": [],
          "tests": [
            {
              "title": "Ao clicar no botão de busca pela primeira vez a barra de busca aparece",
              "fullTitle": "12 - Desenvolva o botão de busca que, ao ser clicado, a barra de busca deve aparecer. O mesmo serve para escondê-la Ao clicar no botão de busca pela primeira vez a barra de busca aparece",
              "timedOut": null,
              "duration": 10873,
              "state": "failed",
              "speed": null,
              "pass": false,
              "fail": true,
              "pending": false,
              "context": null,
              "code": "cy.visit('http://localhost:3000/comidas');\ncy.get('[data-testid=\"search-input\"]').should('not.exist');\ncy.get('[data-testid=\"search-top-btn\"]').click();\ncy.get('[data-testid=\"search-input\"]');",
              "err": {
                "message": "CypressError: Timed out retrying: Expected to find element: '[data-testid=\"search-input\"]', but never found it.",
                "estack": "CypressError: Timed out retrying: Expected to find element: '[data-testid=\"search-input\"]', but never found it.\n    at Object.cypressErr (http://localhost:3000/__cypress/runner/cypress_runner.js:86207:11)\n    at Object.throwErr (http://localhost:3000/__cypress/runner/cypress_runner.js:86162:18)\n    at Object.throwErrByPath (http://localhost:3000/__cypress/runner/cypress_runner.js:86194:17)\n    at retry (http://localhost:3000/__cypress/runner/cypress_runner.js:76849:16)\n    at onFailFn (http://localhost:3000/__cypress/runner/cypress_runner.js:65634:16)\n    at tryCatcher (http://localhost:3000/__cypress/runner/cypress_runner.js:120203:23)\n    at Promise._settlePromiseFromHandler (http://localhost:3000/__cypress/runner/cypress_runner.js:118139:31)\n    at Promise._settlePromise (http://localhost:3000/__cypress/runner/cypress_runner.js:118196:18)\n    at Promise._settlePromise0 (http://localhost:3000/__cypress/runner/cypress_runner.js:118241:10)\n    at Promise._settlePromises (http://localhost:3000/__cypress/runner/cypress_runner.js:118316:18)\n    at Async../node_modules/bluebird/js/release/async.js.Async._drainQueue (http://localhost:3000/__cypress/runner/cypress_runner.js:114928:16)\n    at Async../node_modules/bluebird/js/release/async.js.Async._drainQueues (http://localhost:3000/__cypress/runner/cypress_runner.js:114938:10)\n    at Async.drainQueues (http://localhost:3000/__cypress/runner/cypress_runner.js:114812:14)",
                "diff": null
              },
              "uuid": "416d592f-bd3b-4d32-a272-db67bc940ee9",
              "parentUUID": "697ae74f-25b9-4382-a36f-c2c2ddacc91c",
              "isHook": false,
              "skipped": false
            },
            {
              "title": "Ao clicar no botão de busca pela segunda vez a barra de busca desaparece",
              "fullTitle": "12 - Desenvolva o botão de busca que, ao ser clicado, a barra de busca deve aparecer. O mesmo serve para escondê-la Ao clicar no botão de busca pela segunda vez a barra de busca desaparece",
              "timedOut": null,
              "duration": 10810,
              "state": "failed",
              "speed": null,
              "pass": false,
              "fail": true,
              "pending": false,
              "context": null,
              "code": "cy.visit('http://localhost:3000/comidas');\ncy.get('[data-testid=\"search-top-btn\"]').click();\ncy.get('[data-testid=\"search-input\"]');\ncy.get('[data-testid=\"search-top-btn\"]').click();\ncy.get('[data-testid=\"search-input\"]').should('not.exist');",
              "err": {
                "message": "CypressError: Timed out retrying: Expected to find element: '[data-testid=\"search-input\"]', but never found it.",
                "estack": "CypressError: Timed out retrying: Expected to find element: '[data-testid=\"search-input\"]', but never found it.\n    at Object.cypressErr (http://localhost:3000/__cypress/runner/cypress_runner.js:86207:11)\n    at Object.throwErr (http://localhost:3000/__cypress/runner/cypress_runner.js:86162:18)\n    at Object.throwErrByPath (http://localhost:3000/__cypress/runner/cypress_runner.js:86194:17)\n    at retry (http://localhost:3000/__cypress/runner/cypress_runner.js:76849:16)\n    at onFailFn (http://localhost:3000/__cypress/runner/cypress_runner.js:65634:16)\n    at tryCatcher (http://localhost:3000/__cypress/runner/cypress_runner.js:120203:23)\n    at Promise._settlePromiseFromHandler (http://localhost:3000/__cypress/runner/cypress_runner.js:118139:31)\n    at Promise._settlePromise (http://localhost:3000/__cypress/runner/cypress_runner.js:118196:18)\n    at Promise._settlePromise0 (http://localhost:3000/__cypress/runner/cypress_runner.js:118241:10)\n    at Promise._settlePromises (http://localhost:3000/__cypress/runner/cypress_runner.js:118316:18)\n    at Async../node_modules/bluebird/js/release/async.js.Async._drainQueue (http://localhost:3000/__cypress/runner/cypress_runner.js:114928:16)\n    at Async../node_modules/bluebird/js/release/async.js.Async._drainQueues (http://localhost:3000/__cypress/runner/cypress_runner.js:114938:10)\n    at Async.drainQueues (http://localhost:3000/__cypress/runner/cypress_runner.js:114812:14)",
                "diff": null
              },
              "uuid": "68180ef6-3ba9-4422-9ae2-d70f715fc6bd",
              "parentUUID": "697ae74f-25b9-4382-a36f-c2c2ddacc91c",
              "isHook": false,
              "skipped": false
            }
          ],
          "suites": [],
          "passes": [],
          "failures": [
            "416d592f-bd3b-4d32-a272-db67bc940ee9",
            "68180ef6-3ba9-4422-9ae2-d70f715fc6bd"
          ],
          "pending": [],
          "skipped": [],
          "duration": 21683,
          "root": false,
          "rootEmpty": false,
          "_timeout": 2000
        }
      ],
      "passes": [],
      "failures": [],
      "pending": [],
      "skipped": [],
      "duration": 0,
      "root": true,
      "rootEmpty": true,
      "_timeout": 2000
    }
  ],
  "meta": {
    "mocha": {
      "version": "8.2.1"
    },
    "mochawesome": {
      "options": {
        "quiet": false,
        "reportFilename": "mochawesome",
        "saveHtml": false,
        "saveJson": true,
        "consoleReporter": "spec",
        "useInlineDiffs": false,
        "code": true
      },
      "version": "6.2.1"
    },
    "marge": {
      "options": {
        "id": "default",
        "reportDir": "cypress/reports",
        "overwrite": false,
        "html": false,
        "json": true
      },
      "version": "5.1.0"
    }
  }
}