{
  "stats": {
    "suites": 6,
    "tests": 22,
    "passes": 20,
    "pending": 0,
    "failures": 2,
    "start": "2021-07-30T21:30:09.930Z",
    "end": "2021-07-30T21:30:46.789Z",
    "duration": 36859,
    "testsRegistered": 22,
    "passPercent": 90.9090909090909,
    "pendingPercent": 0,
    "other": 0,
    "hasOther": false,
    "skipped": 0,
    "hasSkipped": false
  },
  "results": [
    {
      "uuid": "d2c4e879-6088-4768-bc71-0da8cfb8aa57",
      "title": "",
      "fullFile": "cypress/integration/footer_spec.js",
      "file": "cypress/integration/footer_spec.js",
      "beforeHooks": [],
      "afterHooks": [],
      "tests": [],
      "suites": [
        {
          "uuid": "bf10edac-326d-4476-9050-027bbf9a171b",
          "title": "19 - Implemente os elementos do menu inferior respeitando os atributos descritos no protótipo",
          "fullFile": "",
          "file": "",
          "beforeHooks": [],
          "afterHooks": [],
          "tests": [
            {
              "title": "Tem os data-testids footer, drinks-bottom-btn, explore-bottom-btn e food-bottom-btn",
              "fullTitle": "19 - Implemente os elementos do menu inferior respeitando os atributos descritos no protótipo Tem os data-testids footer, drinks-bottom-btn, explore-bottom-btn e food-bottom-btn",
              "timedOut": null,
              "duration": 2620,
              "state": "passed",
              "speed": "slow",
              "pass": true,
              "fail": false,
              "pending": false,
              "context": null,
              "code": "cy.visit('http://localhost:3000/comidas');\ncy.get('[data-testid=\"footer\"]');\ncy.get('[data-testid=\"drinks-bottom-btn\"]');\ncy.get('[data-testid=\"explore-bottom-btn\"]');\ncy.get('[data-testid=\"food-bottom-btn\"]');",
              "err": {},
              "uuid": "09bb8548-4d42-4229-8537-9b2001c52b32",
              "parentUUID": "bf10edac-326d-4476-9050-027bbf9a171b",
              "isHook": false,
              "skipped": false
            }
          ],
          "suites": [],
          "passes": [
            "09bb8548-4d42-4229-8537-9b2001c52b32"
          ],
          "failures": [],
          "pending": [],
          "skipped": [],
          "duration": 2620,
          "root": false,
          "rootEmpty": false,
          "_timeout": 2000
        },
        {
          "uuid": "49d5b331-eddd-41e9-9bf5-f38cb64ded48",
          "title": "20 - Posicione o menu inferior de forma fixa e apresente 3 ícones: um para comidas, um para bebidas e outro para exploração",
          "fullFile": "",
          "file": "",
          "beforeHooks": [],
          "afterHooks": [],
          "tests": [
            {
              "title": "O menu inferior deve ficar fixado sempre ao final da página",
              "fullTitle": "20 - Posicione o menu inferior de forma fixa e apresente 3 ícones: um para comidas, um para bebidas e outro para exploração O menu inferior deve ficar fixado sempre ao final da página",
              "timedOut": null,
              "duration": 10970,
              "state": "failed",
              "speed": null,
              "pass": false,
              "fail": true,
              "pending": false,
              "context": null,
              "code": "cy.visit('http://localhost:3000/comidas');\ncy.get('[data-testid=\"footer\"]').should('have.css', 'position', 'fixed');\ncy.get('[data-testid=\"footer\"]').should('have.css', 'bottom', '0px');",
              "err": {
                "message": "CypressError: Timed out retrying: expected '<footer.footer>' to have CSS property 'bottom' with the value '0px', but the value was '570px'",
                "estack": "CypressError: Timed out retrying: expected '<footer.footer>' to have CSS property 'bottom' with the value '0px', but the value was '570px'\n    at Object.cypressErr (http://localhost:3000/__cypress/runner/cypress_runner.js:86207:11)\n    at Object.throwErr (http://localhost:3000/__cypress/runner/cypress_runner.js:86162:18)\n    at Object.throwErrByPath (http://localhost:3000/__cypress/runner/cypress_runner.js:86194:17)\n    at retry (http://localhost:3000/__cypress/runner/cypress_runner.js:76849:16)\n    at onFailFn (http://localhost:3000/__cypress/runner/cypress_runner.js:65634:16)\n    at tryCatcher (http://localhost:3000/__cypress/runner/cypress_runner.js:120203:23)\n    at Promise._settlePromiseFromHandler (http://localhost:3000/__cypress/runner/cypress_runner.js:118139:31)\n    at Promise._settlePromise (http://localhost:3000/__cypress/runner/cypress_runner.js:118196:18)\n    at Promise._settlePromise0 (http://localhost:3000/__cypress/runner/cypress_runner.js:118241:10)\n    at Promise._settlePromises (http://localhost:3000/__cypress/runner/cypress_runner.js:118316:18)\n    at Async../node_modules/bluebird/js/release/async.js.Async._drainQueue (http://localhost:3000/__cypress/runner/cypress_runner.js:114928:16)\n    at Async../node_modules/bluebird/js/release/async.js.Async._drainQueues (http://localhost:3000/__cypress/runner/cypress_runner.js:114938:10)\n    at Async.drainQueues (http://localhost:3000/__cypress/runner/cypress_runner.js:114812:14)",
                "diff": null
              },
              "uuid": "d4e39f37-d430-4257-87e4-16d89f4a3bf8",
              "parentUUID": "49d5b331-eddd-41e9-9bf5-f38cb64ded48",
              "isHook": false,
              "skipped": false
            },
            {
              "title": "Apresenta os ícones corretos",
              "fullTitle": "20 - Posicione o menu inferior de forma fixa e apresente 3 ícones: um para comidas, um para bebidas e outro para exploração Apresenta os ícones corretos",
              "timedOut": null,
              "duration": 10897,
              "state": "failed",
              "speed": null,
              "pass": false,
              "fail": true,
              "pending": false,
              "context": null,
              "code": "cy.visit('http://localhost:3000/comidas');\ncy.get('[data-testid=\"drinks-bottom-btn\"]').should('have.attr', 'src').should('include', 'drinkIcon');\ncy.get('[data-testid=\"explore-bottom-btn\"]').should('have.attr', 'src').should('include', 'exploreIcon');\ncy.get('[data-testid=\"food-bottom-btn\"]').should('have.attr', 'src').should('include', 'mealIcon');",
              "err": {
                "message": "CypressError: Timed out retrying: expected '<button>' to have attribute 'src'",
                "estack": "CypressError: Timed out retrying: expected '<button>' to have attribute 'src'\n    at Object.cypressErr (http://localhost:3000/__cypress/runner/cypress_runner.js:86207:11)\n    at Object.throwErr (http://localhost:3000/__cypress/runner/cypress_runner.js:86162:18)\n    at Object.throwErrByPath (http://localhost:3000/__cypress/runner/cypress_runner.js:86194:17)\n    at retry (http://localhost:3000/__cypress/runner/cypress_runner.js:76849:16)\n    at onFailFn (http://localhost:3000/__cypress/runner/cypress_runner.js:65634:16)\n    at tryCatcher (http://localhost:3000/__cypress/runner/cypress_runner.js:120203:23)\n    at Promise._settlePromiseFromHandler (http://localhost:3000/__cypress/runner/cypress_runner.js:118139:31)\n    at Promise._settlePromise (http://localhost:3000/__cypress/runner/cypress_runner.js:118196:18)\n    at Promise._settlePromise0 (http://localhost:3000/__cypress/runner/cypress_runner.js:118241:10)\n    at Promise._settlePromises (http://localhost:3000/__cypress/runner/cypress_runner.js:118316:18)\n    at Async../node_modules/bluebird/js/release/async.js.Async._drainQueue (http://localhost:3000/__cypress/runner/cypress_runner.js:114928:16)\n    at Async../node_modules/bluebird/js/release/async.js.Async._drainQueues (http://localhost:3000/__cypress/runner/cypress_runner.js:114938:10)\n    at Async.drainQueues (http://localhost:3000/__cypress/runner/cypress_runner.js:114812:14)",
                "diff": null
              },
              "uuid": "8f1d536b-496d-4ecc-8a77-b90ed8336381",
              "parentUUID": "49d5b331-eddd-41e9-9bf5-f38cb64ded48",
              "isHook": false,
              "skipped": false
            }
          ],
          "suites": [],
          "passes": [],
          "failures": [
            "d4e39f37-d430-4257-87e4-16d89f4a3bf8",
            "8f1d536b-496d-4ecc-8a77-b90ed8336381"
          ],
          "pending": [],
          "skipped": [],
          "duration": 21867,
          "root": false,
          "rootEmpty": false,
          "_timeout": 2000
        },
        {
          "uuid": "0d8bb391-dff1-499f-9263-8f4d056e86ef",
          "title": "21 - Exiba o menu inferior apenas nas telas indicadas pelo protótipo",
          "fullFile": "",
          "file": "",
          "beforeHooks": [],
          "afterHooks": [],
          "tests": [
            {
              "title": "Não tem footer na tela de login",
              "fullTitle": "21 - Exiba o menu inferior apenas nas telas indicadas pelo protótipo Não tem footer na tela de login",
              "timedOut": null,
              "duration": 551,
              "state": "passed",
              "speed": "slow",
              "pass": true,
              "fail": false,
              "pending": false,
              "context": null,
              "code": "cy.visit('http://localhost:3000/');\nhasNoFooter();",
              "err": {},
              "uuid": "062dcc78-56fd-42b6-97cb-ac4f94022975",
              "parentUUID": "0d8bb391-dff1-499f-9263-8f4d056e86ef",
              "isHook": false,
              "skipped": false
            },
            {
              "title": "Tem footer na tela de principal de receitas de comidas",
              "fullTitle": "21 - Exiba o menu inferior apenas nas telas indicadas pelo protótipo Tem footer na tela de principal de receitas de comidas",
              "timedOut": null,
              "duration": 448,
              "state": "passed",
              "speed": "slow",
              "pass": true,
              "fail": false,
              "pending": false,
              "context": null,
              "code": "cy.visit('http://localhost:3000/comidas');\nhasFooter();",
              "err": {},
              "uuid": "947c7f8b-9626-41a9-baa5-1ca85556314a",
              "parentUUID": "0d8bb391-dff1-499f-9263-8f4d056e86ef",
              "isHook": false,
              "skipped": false
            },
            {
              "title": "Tem footer na tela de principal de receitas de bebidas",
              "fullTitle": "21 - Exiba o menu inferior apenas nas telas indicadas pelo protótipo Tem footer na tela de principal de receitas de bebidas",
              "timedOut": null,
              "duration": 735,
              "state": "passed",
              "speed": "slow",
              "pass": true,
              "fail": false,
              "pending": false,
              "context": null,
              "code": "cy.visit('http://localhost:3000/bebidas');\nhasFooter();",
              "err": {},
              "uuid": "535bdbfd-1280-4f1e-8d0d-ada51174ec33",
              "parentUUID": "0d8bb391-dff1-499f-9263-8f4d056e86ef",
              "isHook": false,
              "skipped": false
            },
            {
              "title": "Não tem footer na tela de detalhes de uma receita de comida",
              "fullTitle": "21 - Exiba o menu inferior apenas nas telas indicadas pelo protótipo Não tem footer na tela de detalhes de uma receita de comida",
              "timedOut": null,
              "duration": 372,
              "state": "passed",
              "speed": "slow",
              "pass": true,
              "fail": false,
              "pending": false,
              "context": null,
              "code": "cy.visit('http://localhost:3000/comidas/52771');\nhasNoFooter();",
              "err": {},
              "uuid": "e9467199-b53c-4cf3-b3db-5dcd1ebcd96e",
              "parentUUID": "0d8bb391-dff1-499f-9263-8f4d056e86ef",
              "isHook": false,
              "skipped": false
            },
            {
              "title": "Não tem footer na tela de detalhes de uma receita de bebida",
              "fullTitle": "21 - Exiba o menu inferior apenas nas telas indicadas pelo protótipo Não tem footer na tela de detalhes de uma receita de bebida",
              "timedOut": null,
              "duration": 343,
              "state": "passed",
              "speed": "slow",
              "pass": true,
              "fail": false,
              "pending": false,
              "context": null,
              "code": "cy.visit('http://localhost:3000/bebidas/178319');\nhasNoFooter();",
              "err": {},
              "uuid": "22ae420f-0af4-470d-b5e0-27ebd0790fd3",
              "parentUUID": "0d8bb391-dff1-499f-9263-8f4d056e86ef",
              "isHook": false,
              "skipped": false
            },
            {
              "title": "Não tem footer na tela de receita em processo de comida",
              "fullTitle": "21 - Exiba o menu inferior apenas nas telas indicadas pelo protótipo Não tem footer na tela de receita em processo de comida",
              "timedOut": null,
              "duration": 348,
              "state": "passed",
              "speed": "slow",
              "pass": true,
              "fail": false,
              "pending": false,
              "context": null,
              "code": "cy.visit('http://localhost:3000/comidas/52771/in-progress');\nhasNoFooter();",
              "err": {},
              "uuid": "d2ed676e-cacf-49ab-a069-ab90d6b1bb8b",
              "parentUUID": "0d8bb391-dff1-499f-9263-8f4d056e86ef",
              "isHook": false,
              "skipped": false
            },
            {
              "title": "Não tem footer na tela de receita em processo de bebida",
              "fullTitle": "21 - Exiba o menu inferior apenas nas telas indicadas pelo protótipo Não tem footer na tela de receita em processo de bebida",
              "timedOut": null,
              "duration": 534,
              "state": "passed",
              "speed": "slow",
              "pass": true,
              "fail": false,
              "pending": false,
              "context": null,
              "code": "cy.visit('http://localhost:3000/bebidas/178319/in-progress');\nhasNoFooter();",
              "err": {},
              "uuid": "1859f75a-89df-4667-9189-105f095ead40",
              "parentUUID": "0d8bb391-dff1-499f-9263-8f4d056e86ef",
              "isHook": false,
              "skipped": false
            },
            {
              "title": "Tem footer na tela de explorar",
              "fullTitle": "21 - Exiba o menu inferior apenas nas telas indicadas pelo protótipo Tem footer na tela de explorar",
              "timedOut": null,
              "duration": 362,
              "state": "passed",
              "speed": "slow",
              "pass": true,
              "fail": false,
              "pending": false,
              "context": null,
              "code": "cy.visit('http://localhost:3000/explorar');\nhasFooter();",
              "err": {},
              "uuid": "ee7b001a-3762-423d-8a02-983a8424ed13",
              "parentUUID": "0d8bb391-dff1-499f-9263-8f4d056e86ef",
              "isHook": false,
              "skipped": false
            },
            {
              "title": "Tem footer na tela de explorar comidas",
              "fullTitle": "21 - Exiba o menu inferior apenas nas telas indicadas pelo protótipo Tem footer na tela de explorar comidas",
              "timedOut": null,
              "duration": 456,
              "state": "passed",
              "speed": "slow",
              "pass": true,
              "fail": false,
              "pending": false,
              "context": null,
              "code": "cy.visit('http://localhost:3000/explorar/comidas');\nhasFooter();",
              "err": {},
              "uuid": "cba5f16e-a469-4c49-baa6-2290b4446b9a",
              "parentUUID": "0d8bb391-dff1-499f-9263-8f4d056e86ef",
              "isHook": false,
              "skipped": false
            },
            {
              "title": "Tem footer na tela de explorar bebidas",
              "fullTitle": "21 - Exiba o menu inferior apenas nas telas indicadas pelo protótipo Tem footer na tela de explorar bebidas",
              "timedOut": null,
              "duration": 356,
              "state": "passed",
              "speed": "slow",
              "pass": true,
              "fail": false,
              "pending": false,
              "context": null,
              "code": "cy.visit('http://localhost:3000/explorar/bebidas');\nhasFooter();",
              "err": {},
              "uuid": "4e8d5117-aac2-426c-8e4f-c5412c15ed73",
              "parentUUID": "0d8bb391-dff1-499f-9263-8f4d056e86ef",
              "isHook": false,
              "skipped": false
            },
            {
              "title": "Tem footer na tela de explorar comidas por ingrediente",
              "fullTitle": "21 - Exiba o menu inferior apenas nas telas indicadas pelo protótipo Tem footer na tela de explorar comidas por ingrediente",
              "timedOut": null,
              "duration": 434,
              "state": "passed",
              "speed": "slow",
              "pass": true,
              "fail": false,
              "pending": false,
              "context": null,
              "code": "cy.visit('http://localhost:3000/explorar/comidas/ingredientes');\nhasFooter();",
              "err": {},
              "uuid": "c6f0a17a-a60a-4647-bf3c-744977933e56",
              "parentUUID": "0d8bb391-dff1-499f-9263-8f4d056e86ef",
              "isHook": false,
              "skipped": false
            },
            {
              "title": "Tem footer na tela de explorar bebidas por ingrediente",
              "fullTitle": "21 - Exiba o menu inferior apenas nas telas indicadas pelo protótipo Tem footer na tela de explorar bebidas por ingrediente",
              "timedOut": null,
              "duration": 350,
              "state": "passed",
              "speed": "slow",
              "pass": true,
              "fail": false,
              "pending": false,
              "context": null,
              "code": "cy.visit('http://localhost:3000/explorar/bebidas/ingredientes');\nhasFooter();",
              "err": {},
              "uuid": "4e40a7d6-7d5f-4266-b15f-92b709e1ce93",
              "parentUUID": "0d8bb391-dff1-499f-9263-8f4d056e86ef",
              "isHook": false,
              "skipped": false
            },
            {
              "title": "Tem footer na tela de explorar comidas por local de origem",
              "fullTitle": "21 - Exiba o menu inferior apenas nas telas indicadas pelo protótipo Tem footer na tela de explorar comidas por local de origem",
              "timedOut": null,
              "duration": 423,
              "state": "passed",
              "speed": "slow",
              "pass": true,
              "fail": false,
              "pending": false,
              "context": null,
              "code": "cy.visit('http://localhost:3000/explorar/comidas/area');\nhasFooter();",
              "err": {},
              "uuid": "84d6e936-3fff-47e8-98ea-4e546009d3b2",
              "parentUUID": "0d8bb391-dff1-499f-9263-8f4d056e86ef",
              "isHook": false,
              "skipped": false
            },
            {
              "title": "Tem footer na tela de perfil",
              "fullTitle": "21 - Exiba o menu inferior apenas nas telas indicadas pelo protótipo Tem footer na tela de perfil",
              "timedOut": null,
              "duration": 406,
              "state": "passed",
              "speed": "slow",
              "pass": true,
              "fail": false,
              "pending": false,
              "context": null,
              "code": "cy.visit('http://localhost:3000/perfil');\nhasFooter();",
              "err": {},
              "uuid": "c04c9cf3-5704-4c0b-b890-af4071e7cd96",
              "parentUUID": "0d8bb391-dff1-499f-9263-8f4d056e86ef",
              "isHook": false,
              "skipped": false
            },
            {
              "title": "Não tem footer na tela de receitas feitas",
              "fullTitle": "21 - Exiba o menu inferior apenas nas telas indicadas pelo protótipo Não tem footer na tela de receitas feitas",
              "timedOut": null,
              "duration": 317,
              "state": "passed",
              "speed": "slow",
              "pass": true,
              "fail": false,
              "pending": false,
              "context": null,
              "code": "cy.visit('http://localhost:3000/receitas-feitas');\nhasNoFooter();",
              "err": {},
              "uuid": "0c37577a-9d0e-491f-acdf-d50f9b80f16e",
              "parentUUID": "0d8bb391-dff1-499f-9263-8f4d056e86ef",
              "isHook": false,
              "skipped": false
            },
            {
              "title": "Não tem footer na tela de receitas favoritas",
              "fullTitle": "21 - Exiba o menu inferior apenas nas telas indicadas pelo protótipo Não tem footer na tela de receitas favoritas",
              "timedOut": null,
              "duration": 416,
              "state": "passed",
              "speed": "slow",
              "pass": true,
              "fail": false,
              "pending": false,
              "context": null,
              "code": "cy.visit('http://localhost:3000/receitas-favoritas');\nhasNoFooter();",
              "err": {},
              "uuid": "67457b59-b7e7-4622-b5f7-8e81fbc7b01e",
              "parentUUID": "0d8bb391-dff1-499f-9263-8f4d056e86ef",
              "isHook": false,
              "skipped": false
            }
          ],
          "suites": [],
          "passes": [
            "062dcc78-56fd-42b6-97cb-ac4f94022975",
            "947c7f8b-9626-41a9-baa5-1ca85556314a",
            "535bdbfd-1280-4f1e-8d0d-ada51174ec33",
            "e9467199-b53c-4cf3-b3db-5dcd1ebcd96e",
            "22ae420f-0af4-470d-b5e0-27ebd0790fd3",
            "d2ed676e-cacf-49ab-a069-ab90d6b1bb8b",
            "1859f75a-89df-4667-9189-105f095ead40",
            "ee7b001a-3762-423d-8a02-983a8424ed13",
            "cba5f16e-a469-4c49-baa6-2290b4446b9a",
            "4e8d5117-aac2-426c-8e4f-c5412c15ed73",
            "c6f0a17a-a60a-4647-bf3c-744977933e56",
            "4e40a7d6-7d5f-4266-b15f-92b709e1ce93",
            "84d6e936-3fff-47e8-98ea-4e546009d3b2",
            "c04c9cf3-5704-4c0b-b890-af4071e7cd96",
            "0c37577a-9d0e-491f-acdf-d50f9b80f16e",
            "67457b59-b7e7-4622-b5f7-8e81fbc7b01e"
          ],
          "failures": [],
          "pending": [],
          "skipped": [],
          "duration": 6851,
          "root": false,
          "rootEmpty": false,
          "_timeout": 2000
        },
        {
          "uuid": "63c89bc2-96f4-4099-ad60-f74072123558",
          "title": "22 - Redirecione a pessoa usuária para uma lista de cocktails ao clicar no ícone de bebidas",
          "fullFile": "",
          "file": "",
          "beforeHooks": [],
          "afterHooks": [],
          "tests": [
            {
              "title": "Redireciona para a rota correta",
              "fullTitle": "22 - Redirecione a pessoa usuária para uma lista de cocktails ao clicar no ícone de bebidas Redireciona para a rota correta",
              "timedOut": null,
              "duration": 727,
              "state": "passed",
              "speed": "slow",
              "pass": true,
              "fail": false,
              "pending": false,
              "context": null,
              "code": "cy.visit('http://localhost:3000/comidas');\ncy.get('[data-testid=\"drinks-bottom-btn\"]').click();\ncy.location().should(function (loc) {\n  return expect(loc.pathname).to.eq('/bebidas');\n});",
              "err": {},
              "uuid": "ff2148c5-c14d-4c15-a184-3e9b7fe87821",
              "parentUUID": "63c89bc2-96f4-4099-ad60-f74072123558",
              "isHook": false,
              "skipped": false
            }
          ],
          "suites": [],
          "passes": [
            "ff2148c5-c14d-4c15-a184-3e9b7fe87821"
          ],
          "failures": [],
          "pending": [],
          "skipped": [],
          "duration": 727,
          "root": false,
          "rootEmpty": false,
          "_timeout": 2000
        },
        {
          "uuid": "736dc915-bf3c-4d57-b421-8a781c5e6549",
          "title": "23 - Redirecione a pessoa usuária para a tela de explorar ao clicar no ícone de exploração",
          "fullFile": "",
          "file": "",
          "beforeHooks": [],
          "afterHooks": [],
          "tests": [
            {
              "title": "Redireciona para a rota correta",
              "fullTitle": "23 - Redirecione a pessoa usuária para a tela de explorar ao clicar no ícone de exploração Redireciona para a rota correta",
              "timedOut": null,
              "duration": 714,
              "state": "passed",
              "speed": "slow",
              "pass": true,
              "fail": false,
              "pending": false,
              "context": null,
              "code": "cy.visit('http://localhost:3000/comidas');\ncy.get('[data-testid=\"explore-bottom-btn\"]').click();\ncy.location().should(function (loc) {\n  return expect(loc.pathname).to.eq('/explorar');\n});",
              "err": {},
              "uuid": "68fb18bb-77e9-474b-8636-45437f8d80e9",
              "parentUUID": "736dc915-bf3c-4d57-b421-8a781c5e6549",
              "isHook": false,
              "skipped": false
            }
          ],
          "suites": [],
          "passes": [
            "68fb18bb-77e9-474b-8636-45437f8d80e9"
          ],
          "failures": [],
          "pending": [],
          "skipped": [],
          "duration": 714,
          "root": false,
          "rootEmpty": false,
          "_timeout": 2000
        },
        {
          "uuid": "d2230a78-3bfb-4e71-954f-6e276914ed41",
          "title": "24 - Redirecione a pessoa usuárua para uma lista de comidas ao clicar no ícone de comidas",
          "fullFile": "",
          "file": "",
          "beforeHooks": [],
          "afterHooks": [],
          "tests": [
            {
              "title": "Redireciona para a rota correta",
              "fullTitle": "24 - Redirecione a pessoa usuárua para uma lista de comidas ao clicar no ícone de comidas Redireciona para a rota correta",
              "timedOut": null,
              "duration": 650,
              "state": "passed",
              "speed": "slow",
              "pass": true,
              "fail": false,
              "pending": false,
              "context": null,
              "code": "cy.visit('http://localhost:3000/bebidas');\ncy.get('[data-testid=\"food-bottom-btn\"]').click();\ncy.location().should(function (loc) {\n  return expect(loc.pathname).to.eq('/comidas');\n});",
              "err": {},
              "uuid": "b242378b-7a13-4193-883a-2ba979dcec11",
              "parentUUID": "d2230a78-3bfb-4e71-954f-6e276914ed41",
              "isHook": false,
              "skipped": false
            }
          ],
          "suites": [],
          "passes": [
            "b242378b-7a13-4193-883a-2ba979dcec11"
          ],
          "failures": [],
          "pending": [],
          "skipped": [],
          "duration": 650,
          "root": false,
          "rootEmpty": false,
          "_timeout": 2000
        }
      ],
      "passes": [],
      "failures": [],
      "pending": [],
      "skipped": [],
      "duration": 0,
      "root": true,
      "rootEmpty": true,
      "_timeout": 2000
    }
  ],
  "meta": {
    "mocha": {
      "version": "8.2.1"
    },
    "mochawesome": {
      "options": {
        "quiet": false,
        "reportFilename": "mochawesome",
        "saveHtml": false,
        "saveJson": true,
        "consoleReporter": "spec",
        "useInlineDiffs": false,
        "code": true
      },
      "version": "6.2.1"
    },
    "marge": {
      "options": {
        "id": "default",
        "reportDir": "cypress/reports",
        "overwrite": false,
        "html": false,
        "json": true
      },
      "version": "5.1.0"
    }
  }
}