{
  "stats": {
    "suites": 4,
    "tests": 20,
    "passes": 20,
    "pending": 0,
    "failures": 0,
    "start": "2021-08-17T02:27:07.676Z",
    "end": "2021-08-17T02:27:15.701Z",
    "duration": 8025,
    "testsRegistered": 20,
    "passPercent": 100,
    "pendingPercent": 0,
    "other": 0,
    "hasOther": false,
    "skipped": 0,
    "hasSkipped": false
  },
  "results": [
    {
      "uuid": "7a78fa5e-f6d8-475f-93b4-5539afadd341",
      "title": "",
      "fullFile": "cypress/integration/header_spec.js",
      "file": "cypress/integration/header_spec.js",
      "beforeHooks": [],
      "afterHooks": [],
      "tests": [],
      "suites": [
        {
          "uuid": "45fe0345-4334-4220-8756-cfbfc3487f9d",
          "title": "9 - Implemente os elementos do header na tela principal de receitas, respeitando os atributos descritos no protótipo",
          "fullFile": "",
          "file": "",
          "beforeHooks": [],
          "afterHooks": [],
          "tests": [
            {
              "title": "Tem os data-testids profile-top-btn, page-title e search-top-btn",
              "fullTitle": "9 - Implemente os elementos do header na tela principal de receitas, respeitando os atributos descritos no protótipo Tem os data-testids profile-top-btn, page-title e search-top-btn",
              "timedOut": null,
              "duration": 921,
              "state": "passed",
              "speed": "slow",
              "pass": true,
              "fail": false,
              "pending": false,
              "context": null,
              "code": "cy.visit('http://localhost:3000/comidas');\ncy.get('[data-testid=\"profile-top-btn\"]');\ncy.get('[data-testid=\"page-title\"]');\ncy.get('[data-testid=\"search-top-btn\"]');",
              "err": {},
              "uuid": "8db342ce-9a6e-4d72-88c1-dd02eae38afe",
              "parentUUID": "45fe0345-4334-4220-8756-cfbfc3487f9d",
              "isHook": false,
              "skipped": false
            }
          ],
          "suites": [],
          "passes": [
            "8db342ce-9a6e-4d72-88c1-dd02eae38afe"
          ],
          "failures": [],
          "pending": [],
          "skipped": [],
          "duration": 921,
          "root": false,
          "rootEmpty": false,
          "_timeout": 2000
        },
        {
          "uuid": "a7e6b2c9-6e85-468b-8645-406c9303e909",
          "title": "10 - Implemente um ícone para a tela de perfil, um título e um ícone para a busca, caso exista no protótipo",
          "fullFile": "",
          "file": "",
          "beforeHooks": [],
          "afterHooks": [],
          "tests": [
            {
              "title": "Não tem header na tela de login",
              "fullTitle": "10 - Implemente um ícone para a tela de perfil, um título e um ícone para a busca, caso exista no protótipo Não tem header na tela de login",
              "timedOut": null,
              "duration": 274,
              "state": "passed",
              "speed": "slow",
              "pass": true,
              "fail": false,
              "pending": false,
              "context": null,
              "code": "cy.visit('http://localhost:3000/');\nhasNoHeader();",
              "err": {},
              "uuid": "ff935658-f273-47a2-8446-8d51e8e43a94",
              "parentUUID": "a7e6b2c9-6e85-468b-8645-406c9303e909",
              "isHook": false,
              "skipped": false
            },
            {
              "title": "O header tem os ícones corretos na tela de principal de receitas de comidas",
              "fullTitle": "10 - Implemente um ícone para a tela de perfil, um título e um ícone para a busca, caso exista no protótipo O header tem os ícones corretos na tela de principal de receitas de comidas",
              "timedOut": null,
              "duration": 283,
              "state": "passed",
              "speed": "slow",
              "pass": true,
              "fail": false,
              "pending": false,
              "context": null,
              "code": "cy.visit('http://localhost:3000/comidas');\nhasHeader('Comidas');",
              "err": {},
              "uuid": "bfda23b5-3c30-4f2f-b65a-c9b7002efe85",
              "parentUUID": "a7e6b2c9-6e85-468b-8645-406c9303e909",
              "isHook": false,
              "skipped": false
            },
            {
              "title": "O header tem os ícones corretos na tela de principal de receitas de bebidas",
              "fullTitle": "10 - Implemente um ícone para a tela de perfil, um título e um ícone para a busca, caso exista no protótipo O header tem os ícones corretos na tela de principal de receitas de bebidas",
              "timedOut": null,
              "duration": 301,
              "state": "passed",
              "speed": "slow",
              "pass": true,
              "fail": false,
              "pending": false,
              "context": null,
              "code": "cy.visit('http://localhost:3000/bebidas');\nhasHeader('Bebidas');",
              "err": {},
              "uuid": "d724cca2-d77f-422f-befc-bb207417ce1e",
              "parentUUID": "a7e6b2c9-6e85-468b-8645-406c9303e909",
              "isHook": false,
              "skipped": false
            },
            {
              "title": "Não tem header na tela de detalhes de uma receita de comida",
              "fullTitle": "10 - Implemente um ícone para a tela de perfil, um título e um ícone para a busca, caso exista no protótipo Não tem header na tela de detalhes de uma receita de comida",
              "timedOut": null,
              "duration": 321,
              "state": "passed",
              "speed": "slow",
              "pass": true,
              "fail": false,
              "pending": false,
              "context": null,
              "code": "cy.visit('http://localhost:3000/comidas/52771');\nhasNoHeader();",
              "err": {},
              "uuid": "eade5282-9bc7-4330-8ef5-75de0e3dd14c",
              "parentUUID": "a7e6b2c9-6e85-468b-8645-406c9303e909",
              "isHook": false,
              "skipped": false
            },
            {
              "title": "Não tem header na tela de detalhes de uma receita de bebida",
              "fullTitle": "10 - Implemente um ícone para a tela de perfil, um título e um ícone para a busca, caso exista no protótipo Não tem header na tela de detalhes de uma receita de bebida",
              "timedOut": null,
              "duration": 261,
              "state": "passed",
              "speed": "slow",
              "pass": true,
              "fail": false,
              "pending": false,
              "context": null,
              "code": "cy.visit('http://localhost:3000/bebidas/178319');\nhasNoHeader();",
              "err": {},
              "uuid": "526ac3c5-2aaf-4dc4-af8f-b6c002fbdadc",
              "parentUUID": "a7e6b2c9-6e85-468b-8645-406c9303e909",
              "isHook": false,
              "skipped": false
            },
            {
              "title": "Não tem header na tela de receita em processo de comida",
              "fullTitle": "10 - Implemente um ícone para a tela de perfil, um título e um ícone para a busca, caso exista no protótipo Não tem header na tela de receita em processo de comida",
              "timedOut": null,
              "duration": 206,
              "state": "passed",
              "speed": "slow",
              "pass": true,
              "fail": false,
              "pending": false,
              "context": null,
              "code": "cy.visit('http://localhost:3000/comidas/52771/in-progress');\nhasNoHeader();",
              "err": {},
              "uuid": "e52efbc0-2bba-40d0-9db3-59642fafc760",
              "parentUUID": "a7e6b2c9-6e85-468b-8645-406c9303e909",
              "isHook": false,
              "skipped": false
            },
            {
              "title": "Não tem header na tela de receita em processo de bebida",
              "fullTitle": "10 - Implemente um ícone para a tela de perfil, um título e um ícone para a busca, caso exista no protótipo Não tem header na tela de receita em processo de bebida",
              "timedOut": null,
              "duration": 253,
              "state": "passed",
              "speed": "slow",
              "pass": true,
              "fail": false,
              "pending": false,
              "context": null,
              "code": "cy.visit('http://localhost:3000/bebidas/178319/in-progress');\nhasNoHeader();",
              "err": {},
              "uuid": "b402bf19-c735-4979-8654-30a9394128c2",
              "parentUUID": "a7e6b2c9-6e85-468b-8645-406c9303e909",
              "isHook": false,
              "skipped": false
            },
            {
              "title": "O header tem os ícones corretos na tela de explorar",
              "fullTitle": "10 - Implemente um ícone para a tela de perfil, um título e um ícone para a busca, caso exista no protótipo O header tem os ícones corretos na tela de explorar",
              "timedOut": null,
              "duration": 297,
              "state": "passed",
              "speed": "slow",
              "pass": true,
              "fail": false,
              "pending": false,
              "context": null,
              "code": "cy.visit('http://localhost:3000/explorar');\nhasHeader('Explorar', false);",
              "err": {},
              "uuid": "fb5d8613-8ee3-4c2b-b52a-99ca265add41",
              "parentUUID": "a7e6b2c9-6e85-468b-8645-406c9303e909",
              "isHook": false,
              "skipped": false
            },
            {
              "title": "O header tem os ícones corretos na tela de explorar comidas",
              "fullTitle": "10 - Implemente um ícone para a tela de perfil, um título e um ícone para a busca, caso exista no protótipo O header tem os ícones corretos na tela de explorar comidas",
              "timedOut": null,
              "duration": 259,
              "state": "passed",
              "speed": "slow",
              "pass": true,
              "fail": false,
              "pending": false,
              "context": null,
              "code": "cy.visit('http://localhost:3000/explorar/comidas');\nhasHeader('Explorar Comidas', false);",
              "err": {},
              "uuid": "b95c2b2d-0241-47f5-9b38-af7ed5cb3d75",
              "parentUUID": "a7e6b2c9-6e85-468b-8645-406c9303e909",
              "isHook": false,
              "skipped": false
            },
            {
              "title": "O header tem os ícones corretos na tela de explorar bebidas",
              "fullTitle": "10 - Implemente um ícone para a tela de perfil, um título e um ícone para a busca, caso exista no protótipo O header tem os ícones corretos na tela de explorar bebidas",
              "timedOut": null,
              "duration": 231,
              "state": "passed",
              "speed": "slow",
              "pass": true,
              "fail": false,
              "pending": false,
              "context": null,
              "code": "cy.visit('http://localhost:3000/explorar/bebidas');\nhasHeader('Explorar Bebidas', false);",
              "err": {},
              "uuid": "f9422dd0-41d6-4f25-82fb-d2748de52fb9",
              "parentUUID": "a7e6b2c9-6e85-468b-8645-406c9303e909",
              "isHook": false,
              "skipped": false
            },
            {
              "title": "O header tem os ícones corretos na tela de explorar comidas por ingrediente",
              "fullTitle": "10 - Implemente um ícone para a tela de perfil, um título e um ícone para a busca, caso exista no protótipo O header tem os ícones corretos na tela de explorar comidas por ingrediente",
              "timedOut": null,
              "duration": 230,
              "state": "passed",
              "speed": "slow",
              "pass": true,
              "fail": false,
              "pending": false,
              "context": null,
              "code": "cy.visit('http://localhost:3000/explorar/comidas/ingredientes');\nhasHeader('Explorar Ingredientes', false);",
              "err": {},
              "uuid": "9732195d-9b10-4b90-a1ff-78e5c186117c",
              "parentUUID": "a7e6b2c9-6e85-468b-8645-406c9303e909",
              "isHook": false,
              "skipped": false
            },
            {
              "title": "O header tem os ícones corretos na tela de explorar bebidas por ingrediente",
              "fullTitle": "10 - Implemente um ícone para a tela de perfil, um título e um ícone para a busca, caso exista no protótipo O header tem os ícones corretos na tela de explorar bebidas por ingrediente",
              "timedOut": null,
              "duration": 339,
              "state": "passed",
              "speed": "slow",
              "pass": true,
              "fail": false,
              "pending": false,
              "context": null,
              "code": "cy.visit('http://localhost:3000/explorar/bebidas/ingredientes');\nhasHeader('Explorar Ingredientes', false);",
              "err": {},
              "uuid": "74e2540a-5dd4-4863-a3ab-cfa598e38fde",
              "parentUUID": "a7e6b2c9-6e85-468b-8645-406c9303e909",
              "isHook": false,
              "skipped": false
            },
            {
              "title": "O header tem os ícones corretos na tela de explorar comidas por local de origem",
              "fullTitle": "10 - Implemente um ícone para a tela de perfil, um título e um ícone para a busca, caso exista no protótipo O header tem os ícones corretos na tela de explorar comidas por local de origem",
              "timedOut": null,
              "duration": 337,
              "state": "passed",
              "speed": "slow",
              "pass": true,
              "fail": false,
              "pending": false,
              "context": null,
              "code": "cy.visit('http://localhost:3000/explorar/comidas/area');\nhasHeader('Explorar Origem');",
              "err": {},
              "uuid": "12f5015a-2f54-412a-8ec7-9e70e75a06e0",
              "parentUUID": "a7e6b2c9-6e85-468b-8645-406c9303e909",
              "isHook": false,
              "skipped": false
            },
            {
              "title": "O header tem os ícones corretos na tela de perfil",
              "fullTitle": "10 - Implemente um ícone para a tela de perfil, um título e um ícone para a busca, caso exista no protótipo O header tem os ícones corretos na tela de perfil",
              "timedOut": null,
              "duration": 288,
              "state": "passed",
              "speed": "slow",
              "pass": true,
              "fail": false,
              "pending": false,
              "context": null,
              "code": "cy.visit('http://localhost:3000/perfil');\nhasHeader('Perfil', false);",
              "err": {},
              "uuid": "856e851e-9fe4-4e0e-a052-dea3d353296b",
              "parentUUID": "a7e6b2c9-6e85-468b-8645-406c9303e909",
              "isHook": false,
              "skipped": false
            },
            {
              "title": "O header tem os ícones corretos na tela de receitas feitas",
              "fullTitle": "10 - Implemente um ícone para a tela de perfil, um título e um ícone para a busca, caso exista no protótipo O header tem os ícones corretos na tela de receitas feitas",
              "timedOut": null,
              "duration": 273,
              "state": "passed",
              "speed": "slow",
              "pass": true,
              "fail": false,
              "pending": false,
              "context": null,
              "code": "cy.visit('http://localhost:3000/receitas-feitas');\nhasHeader('Receitas Feitas', false);",
              "err": {},
              "uuid": "f575a435-2267-4615-8c65-b9cc780287c8",
              "parentUUID": "a7e6b2c9-6e85-468b-8645-406c9303e909",
              "isHook": false,
              "skipped": false
            },
            {
              "title": "O header tem os ícones corretos na tela de receitas favoritas",
              "fullTitle": "10 - Implemente um ícone para a tela de perfil, um título e um ícone para a busca, caso exista no protótipo O header tem os ícones corretos na tela de receitas favoritas",
              "timedOut": null,
              "duration": 242,
              "state": "passed",
              "speed": "slow",
              "pass": true,
              "fail": false,
              "pending": false,
              "context": null,
              "code": "cy.visit('http://localhost:3000/receitas-favoritas');\nhasHeader('Receitas Favoritas', false);",
              "err": {},
              "uuid": "6b53b07b-8b70-4c01-901f-d6d02826066a",
              "parentUUID": "a7e6b2c9-6e85-468b-8645-406c9303e909",
              "isHook": false,
              "skipped": false
            }
          ],
          "suites": [],
          "passes": [
            "ff935658-f273-47a2-8446-8d51e8e43a94",
            "bfda23b5-3c30-4f2f-b65a-c9b7002efe85",
            "d724cca2-d77f-422f-befc-bb207417ce1e",
            "eade5282-9bc7-4330-8ef5-75de0e3dd14c",
            "526ac3c5-2aaf-4dc4-af8f-b6c002fbdadc",
            "e52efbc0-2bba-40d0-9db3-59642fafc760",
            "b402bf19-c735-4979-8654-30a9394128c2",
            "fb5d8613-8ee3-4c2b-b52a-99ca265add41",
            "b95c2b2d-0241-47f5-9b38-af7ed5cb3d75",
            "f9422dd0-41d6-4f25-82fb-d2748de52fb9",
            "9732195d-9b10-4b90-a1ff-78e5c186117c",
            "74e2540a-5dd4-4863-a3ab-cfa598e38fde",
            "12f5015a-2f54-412a-8ec7-9e70e75a06e0",
            "856e851e-9fe4-4e0e-a052-dea3d353296b",
            "f575a435-2267-4615-8c65-b9cc780287c8",
            "6b53b07b-8b70-4c01-901f-d6d02826066a"
          ],
          "failures": [],
          "pending": [],
          "skipped": [],
          "duration": 4395,
          "root": false,
          "rootEmpty": false,
          "_timeout": 2000
        },
        {
          "uuid": "819d9354-c8c9-4d64-8bbc-789e24aa04e6",
          "title": "11 - Redirecione a pessoa usuária para a tela de perfil ao clicar no botão de perfil",
          "fullFile": "",
          "file": "",
          "beforeHooks": [],
          "afterHooks": [],
          "tests": [
            {
              "title": "A mudança de tela ocorre corretamente",
              "fullTitle": "11 - Redirecione a pessoa usuária para a tela de perfil ao clicar no botão de perfil A mudança de tela ocorre corretamente",
              "timedOut": null,
              "duration": 356,
              "state": "passed",
              "speed": "slow",
              "pass": true,
              "fail": false,
              "pending": false,
              "context": null,
              "code": "cy.visit('http://localhost:3000/comidas');\ncy.get('[data-testid=\"page-title\"]').contains('Comidas');\ncy.get('[data-testid=\"profile-top-btn\"]').click();\ncy.get('[data-testid=\"page-title\"]').contains('Perfil');",
              "err": {},
              "uuid": "03c1010d-4a2a-448b-b69b-d258d3039422",
              "parentUUID": "819d9354-c8c9-4d64-8bbc-789e24aa04e6",
              "isHook": false,
              "skipped": false
            }
          ],
          "suites": [],
          "passes": [
            "03c1010d-4a2a-448b-b69b-d258d3039422"
          ],
          "failures": [],
          "pending": [],
          "skipped": [],
          "duration": 356,
          "root": false,
          "rootEmpty": false,
          "_timeout": 2000
        },
        {
          "uuid": "53c5b480-cb78-4762-abf2-2b313303709a",
          "title": "12 - Desenvolva o botão de busca que, ao ser clicado, a barra de busca deve aparecer. O mesmo serve para escondê-la",
          "fullFile": "",
          "file": "",
          "beforeHooks": [],
          "afterHooks": [],
          "tests": [
            {
              "title": "Ao clicar no botão de busca pela primeira vez a barra de busca aparece",
              "fullTitle": "12 - Desenvolva o botão de busca que, ao ser clicado, a barra de busca deve aparecer. O mesmo serve para escondê-la Ao clicar no botão de busca pela primeira vez a barra de busca aparece",
              "timedOut": null,
              "duration": 368,
              "state": "passed",
              "speed": "slow",
              "pass": true,
              "fail": false,
              "pending": false,
              "context": null,
              "code": "cy.visit('http://localhost:3000/comidas');\ncy.get('[data-testid=\"search-input\"]').should('not.exist');\ncy.get('[data-testid=\"search-top-btn\"]').click();\ncy.get('[data-testid=\"search-input\"]');",
              "err": {},
              "uuid": "388a9cee-d2a9-401a-b000-cef706e70b0f",
              "parentUUID": "53c5b480-cb78-4762-abf2-2b313303709a",
              "isHook": false,
              "skipped": false
            },
            {
              "title": "Ao clicar no botão de busca pela segunda vez a barra de busca desaparece",
              "fullTitle": "12 - Desenvolva o botão de busca que, ao ser clicado, a barra de busca deve aparecer. O mesmo serve para escondê-la Ao clicar no botão de busca pela segunda vez a barra de busca desaparece",
              "timedOut": null,
              "duration": 422,
              "state": "passed",
              "speed": "slow",
              "pass": true,
              "fail": false,
              "pending": false,
              "context": null,
              "code": "cy.visit('http://localhost:3000/comidas');\ncy.get('[data-testid=\"search-top-btn\"]').click();\ncy.get('[data-testid=\"search-input\"]');\ncy.get('[data-testid=\"search-top-btn\"]').click();\ncy.get('[data-testid=\"search-input\"]').should('not.exist');",
              "err": {},
              "uuid": "4debfeab-cf3d-40c6-910a-9202680d4f9f",
              "parentUUID": "53c5b480-cb78-4762-abf2-2b313303709a",
              "isHook": false,
              "skipped": false
            }
          ],
          "suites": [],
          "passes": [
            "388a9cee-d2a9-401a-b000-cef706e70b0f",
            "4debfeab-cf3d-40c6-910a-9202680d4f9f"
          ],
          "failures": [],
          "pending": [],
          "skipped": [],
          "duration": 790,
          "root": false,
          "rootEmpty": false,
          "_timeout": 2000
        }
      ],
      "passes": [],
      "failures": [],
      "pending": [],
      "skipped": [],
      "duration": 0,
      "root": true,
      "rootEmpty": true,
      "_timeout": 2000
    }
  ],
  "meta": {
    "mocha": {
      "version": "8.2.1"
    },
    "mochawesome": {
      "options": {
        "quiet": false,
        "reportFilename": "mochawesome",
        "saveHtml": false,
        "saveJson": true,
        "consoleReporter": "spec",
        "useInlineDiffs": false,
        "code": true
      },
      "version": "6.2.1"
    },
    "marge": {
      "options": {
        "id": "default",
        "reportDir": "cypress/reports",
        "overwrite": false,
        "html": false,
        "json": true
      },
      "version": "5.1.0"
    }
  }
}